[Mon Oct 31 20:51:16 EDT 2011] [message] at org.eclipse.php.internal.core.ast.nodes.ASTNode.accept(ASTNode.java:275)
[Mon Oct 31 20:51:16 EDT 2011] [message] at org.eclipse.php.internal.core.ast.nodes.Block.childrenAccept(Block.java:97)
[Mon Oct 31 20:51:16 EDT 2011] [message] at org.eclipse.php.internal.core.ast.nodes.Block.accept0(Block.java:90)
[Mon Oct 31 20:51:16 EDT 2011] [message] at org.eclipse.php.internal.core.ast.nodes.ASTNode.accept(ASTNode.java:275)
[Mon Oct 31 20:51:16 EDT 2011] [message] at org.eclipse.php.internal.core.ast.nodes.IfStatement.childrenAccept(IfStatement.java:96)
[Mon Oct 31 20:51:16 EDT 2011] [message] at org.eclipse.php.internal.core.ast.nodes.IfStatement.accept0(IfStatement.java:89)
[Mon Oct 31 20:51:16 EDT 2011] [message] at org.eclipse.php.internal.core.ast.nodes.ASTNode.accept(ASTNode.java:275)
[Mon Oct 31 20:51:16 EDT 2011] [message] at org.eclipse.php.internal.core.ast.nodes.Block.childrenAccept(Block.java:97)
[Mon Oct 31 20:51:16 EDT 2011] [message] at org.eclipse.php.internal.core.ast.nodes.Block.accept0(Block.java:90)
[Mon Oct 31 20:51:16 EDT 2011] [message] at org.eclipse.php.internal.core.ast.nodes.ASTNode.accept(ASTNode.java:275)
[Mon Oct 31 20:51:16 EDT 2011] [message] at org.eclipse.php.internal.core.ast.nodes.FunctionDeclaration.childrenAccept(FunctionDeclaration.java:108)
[Mon Oct 31 20:51:16 EDT 2011] [message] at org.eclipse.php.internal.core.ast.nodes.FunctionDeclaration.accept0(FunctionDeclaration.java:97)
[Mon Oct 31 20:51:16 EDT 2011] [message] at org.eclipse.php.internal.core.ast.nodes.ASTNode.accept(ASTNode.java:275)
[Mon Oct 31 20:51:16 EDT 2011] [message] at org.eclipse.php.internal.core.ast.nodes.MethodDeclaration.childrenAccept(MethodDeclaration.java:90)
[Mon Oct 31 20:51:16 EDT 2011] [message] at org.eclipse.php.internal.core.ast.nodes.MethodDeclaration.accept0(MethodDeclaration.java:82)
[Mon Oct 31 20:51:16 EDT 2011] [message] at org.eclipse.php.internal.core.ast.nodes.ASTNode.accept(ASTNode.java:275)
[Mon Oct 31 20:51:16 EDT 2011] [message] at org.eclipse.php.internal.core.ast.nodes.Block.childrenAccept(Block.java:97)
[Mon Oct 31 20:51:16 EDT 2011] [message] at org.eclipse.php.internal.core.ast.nodes.Block.accept0(Block.java:90)
[Mon Oct 31 20:51:16 EDT 2011] [message] at org.eclipse.php.internal.core.ast.nodes.ASTNode.accept(ASTNode.java:275)
[Mon Oct 31 20:51:16 EDT 2011] [message] at org.eclipse.php.internal.core.ast.nodes.ClassDeclaration.childrenAccept(ClassDeclaration.java:118)
[Mon Oct 31 20:51:16 EDT 2011] [message] at org.eclipse.php.internal.core.ast.nodes.ClassDeclaration.accept0(ClassDeclaration.java:104)
[Mon Oct 31 20:51:16 EDT 2011] [message] at org.eclipse.php.internal.core.ast.nodes.ASTNode.accept(ASTNode.java:275)
[Mon Oct 31 20:51:16 EDT 2011] [message] at org.eclipse.php.internal.core.ast.nodes.Program.childrenAccept(Program.java:195)
[Mon Oct 31 20:51:16 EDT 2011] [message] at org.eclipse.php.internal.core.ast.nodes.Program.accept0(Program.java:188)
[Mon Oct 31 20:51:16 EDT 2011] [message] at org.eclipse.php.internal.core.ast.nodes.ASTNode.accept(ASTNode.java:275)
[Mon Oct 31 20:51:16 EDT 2011] [message] at org.eclipse.php.internal.ui.editor.highlighter.AbstractSemanticHighlighting.consumes(AbstractSemanticHighlighting.java:92)
[Mon Oct 31 20:51:16 EDT 2011] [message] at org.eclipse.php.internal.ui.editor.highlighter.AbstractSemanticHighlighting.consumes(AbstractSemanticHighlighting.java:101)
[Mon Oct 31 20:51:16 EDT 2011] [message] at org.eclipse.wst.sse.ui.internal.style.SemanticHighlightingReconciler.reconcile(SemanticHighlightingReconciler.java:127)
[Mon Oct 31 20:51:16 EDT 2011] [message] at org.eclipse.wst.sse.ui.internal.reconcile.DocumentRegionProcessor.endProcessing(DocumentRegionProcessor.java:119)
[Mon Oct 31 20:51:16 EDT 2011] [message] at org.eclipse.wst.sse.ui.internal.reconcile.DirtyRegionProcessor$BackgroundThread.run(DirtyRegionProcessor.java:702)
[Mon Oct 31 20:51:16 EDT 2011] [message] org.eclipse.dltk.core.ModelException:   does not exist
[Mon Oct 31 20:51:16 EDT 2011] [message] at org.eclipse.dltk.internal.core.ModelOperation.runOperation(ModelOperation.java:760)
[Mon Oct 31 20:51:16 EDT 2011] [message] at org.eclipse.dltk.internal.core.SourceType.newSupertypeHierarchy(SourceType.java:398)
[Mon Oct 31 20:51:16 EDT 2011] [message] at org.eclipse.dltk.internal.core.SourceType.newSupertypeHierarchy(SourceType.java:368)
[Mon Oct 31 20:51:16 EDT 2011] [message] at org.eclipse.php.internal.core.typeinference.PHPModelUtils.getSuperClasses(PHPModelUtils.java:1201)
[Mon Oct 31 20:51:16 EDT 2011] [message] at org.eclipse.php.internal.core.typeinference.evaluators.ClassVariableDeclarationEvaluator.resolveMagicClassVariableDeclaration(ClassVariableDeclarationEvaluator.java:192)
[Mon Oct 31 20:51:16 EDT 2011] [message] at org.eclipse.php.internal.core.typeinference.evaluators.ClassVariableDeclarationEvaluator.init(ClassVariableDeclarationEvaluator.java:141)
[Mon Oct 31 20:51:16 EDT 2011] [message] at org.eclipse.dltk.ti.GoalEngine.evaluateGoal(GoalEngine.java:220)
[Mon Oct 31 20:51:16 EDT 2011] [message] at org.eclipse.dltk.ti.DefaultTypeInferencer.evaluateType(DefaultTypeInferencer.java:223)
[Mon Oct 31 20:51:16 EDT 2011] [message] at org.eclipse.dltk.ti.DefaultTypeInferencer.evaluateType(DefaultTypeInferencer.java:213)
[Mon Oct 31 20:51:16 EDT 2011] [message] at org.eclipse.php.internal.core.typeinference.BindingUtility.getType(BindingUtility.java:162)
[Mon Oct 31 20:51:16 EDT 2011] [message] at org.eclipse.php.internal.core.typeinference.BindingUtility.getType(BindingUtility.java:188)
[Mon Oct 31 20:51:16 EDT 2011] [message] at org.eclipse.php.internal.core.typeinference.BindingUtility.getType(BindingUtility.java:156)
[Mon Oct 31 20:51:16 EDT 2011] [message] at org.eclipse.php.internal.core.ast.nodes.DefaultBindingResolver.getEvaluatedType(DefaultBindingResolver.java:243)
[Mon Oct 31 20:51:16 EDT 2011] [message] at org.eclipse.php.internal.core.ast.nodes.DefaultBindingResolver.resolveExpressionType(DefaultBindingResolver.java:375)
[Mon Oct 31 20:51:16 EDT 2011] [message] at org.eclipse.php.internal.core.ast.nodes.Expression.resolveTypeBinding(Expression.java:107)
[Mon Oct 31 20:51:16 EDT 2011] [message] at org.eclipse.php.internal.ui.editor.highlighter.ModelUtils.getMethod(ModelUtils.java:43)
[Mon Oct 31 20:51:16 EDT 2011] [message] at org.eclipse.php.internal.ui.editor.highlighters.StaticMethodHighlighting$StaticMethodApply.visit(StaticMethodHighlighting.java:59)
[Mon Oct 31 20:51:16 EDT 2011] [message] at org.eclipse.php.internal.core.ast.nodes.MethodInvocation.accept0(MethodInvocation.java:73)
[Mon Oct 31 20:51:16 EDT 2011] [message] at org.eclipse.php.internal.core.ast.nodes.ASTNode.accept(ASTNode.java:275)
[Mon Oct 31 20:51:16 EDT 2011] [message] at org.eclipse.php.internal.core.ast.nodes.ExpressionStatement.childrenAccept(ExpressionStatement.java:73)
[Mon Oct 31 20:51:16 EDT 2011] [message] at org.eclipse.php.internal.core.ast.nodes.ExpressionStatement.accept0(ExpressionStatement.java:67)
[Mon Oct 31 20:51:16 EDT 2011] [message] at org.eclipse.php.internal.core.ast.nodes.ASTNode.accept(ASTNode.java:275)
[Mon Oct 31 20:51:16 EDT 2011] [message] at org.eclipse.php.internal.core.ast.nodes.Block.childrenAccept(Block.java:97)
[Mon Oct 31 20:51:16 EDT 2011] [message] at org.eclipse.php.internal.core.ast.nodes.Block.accept0(Block.java:90)
[Mon Oct 31 20:51:16 EDT 2011] [message] at org.eclipse.php.internal.core.ast.nodes.ASTNode.accept(ASTNode.java:275)
[Mon Oct 31 20:51:16 EDT 2011] [message] at org.eclipse.php.internal.core.ast.nodes.IfStatement.childrenAccept(IfStatement.java:98)
[Mon Oct 31 20:51:16 EDT 2011] [message] at org.eclipse.php.internal.core.ast.nodes.IfStatement.accept0(IfStatement.java:89)
[Mon Oct 31 20:51:16 EDT 2011] [message] at org.eclipse.php.internal.core.ast.nodes.ASTNode.accept(ASTNode.java:275)
[Mon Oct 31 20:51:16 EDT 2011] [message] at org.eclipse.php.internal.core.ast.nodes.Block.childrenAccept(Block.java:97)
[Mon Oct 31 20:51:16 EDT 2011] [message] at org.eclipse.php.internal.core.ast.nodes.Block.accept0(Block.java:90)
[Mon Oct 31 20:51:16 EDT 2011] [message] at org.eclipse.php.internal.core.ast.nodes.ASTNode.accept(ASTNode.java:275)
[Mon Oct 31 20:51:16 EDT 2011] [message] at org.eclipse.php.internal.core.ast.nodes.IfStatement.childrenAccept(IfStatement.java:96)
[Mon Oct 31 20:51:16 EDT 2011] [message] at org.eclipse.php.internal.core.ast.nodes.IfStatement.accept0(IfStatement.java:89)
[Mon Oct 31 20:51:16 EDT 2011] [message] at org.eclipse.php.internal.core.ast.nodes.ASTNode.accept(ASTNode.java:275)
[Mon Oct 31 20:51:16 EDT 2011] [message] at org.eclipse.php.internal.core.ast.nodes.Block.childrenAccept(Block.java:97)
[Mon Oct 31 20:51:16 EDT 2011] [message] at org.eclipse.php.internal.core.ast.nodes.Block.accept0(Block.java:90)
[Mon Oct 31 20:51:16 EDT 2011] [message] at org.eclipse.php.internal.core.ast.nodes.ASTNode.accept(ASTNode.java:275)
[Mon Oct 31 20:51:16 EDT 2011] [message] at org.eclipse.php.internal.core.ast.nodes.FunctionDeclaration.childrenAccept(FunctionDeclaration.java:108)
[Mon Oct 31 20:51:16 EDT 2011] [message] at org.eclipse.php.internal.core.ast.nodes.FunctionDeclaration.accept0(FunctionDeclaration.java:97)
[Mon Oct 31 20:51:16 EDT 2011] [message] at org.eclipse.php.internal.core.ast.nodes.ASTNode.accept(ASTNode.java:275)
[Mon Oct 31 20:51:16 EDT 2011] [message] at org.eclipse.php.internal.core.ast.nodes.MethodDeclaration.childrenAccept(MethodDeclaration.java:90)
[Mon Oct 31 20:51:16 EDT 2011] [message] at org.eclipse.php.internal.core.ast.nodes.MethodDeclaration.accept0(MethodDeclaration.java:82)
[Mon Oct 31 20:51:16 EDT 2011] [message] at org.eclipse.php.internal.core.ast.nodes.ASTNode.accept(ASTNode.java:275)
[Mon Oct 31 20:51:16 EDT 2011] [message] at org.eclipse.php.internal.core.ast.nodes.Block.childrenAccept(Block.java:97)
[Mon Oct 31 20:51:16 EDT 2011] [message] at org.eclipse.php.internal.core.ast.nodes.Block.accept0(Block.java:90)
[Mon Oct 31 20:51:16 EDT 2011] [message] at org.eclipse.php.internal.core.ast.nodes.ASTNode.accept(ASTNode.java:275)
[Mon Oct 31 20:51:16 EDT 2011] [message] at org.eclipse.php.internal.core.ast.nodes.ClassDeclaration.childrenAccept(ClassDeclaration.java:118)
[Mon Oct 31 20:51:16 EDT 2011] [message] at org.eclipse.php.internal.core.ast.nodes.ClassDeclaration.accept0(ClassDeclaration.java:104)
[Mon Oct 31 20:51:16 EDT 2011] [message] at org.eclipse.php.internal.core.ast.nodes.ASTNode.accept(ASTNode.java:275)
[Mon Oct 31 20:51:16 EDT 2011] [message] at org.eclipse.php.internal.core.ast.nodes.Program.childrenAccept(Program.java:195)
[Mon Oct 31 20:51:16 EDT 2011] [message] at org.eclipse.php.internal.core.ast.nodes.Program.accept0(Program.java:188)
[Mon Oct 31 20:51:16 EDT 2011] [message] at org.eclipse.php.internal.core.ast.nodes.ASTNode.accept(ASTNode.java:275)
[Mon Oct 31 20:51:16 EDT 2011] [message] at org.eclipse.php.internal.ui.editor.highlighter.AbstractSemanticHighlighting.consumes(AbstractSemanticHighlighting.java:92)
[Mon Oct 31 20:51:16 EDT 2011] [message] at org.eclipse.php.internal.ui.editor.highlighter.AbstractSemanticHighlighting.consumes(AbstractSemanticHighlighting.java:101)
[Mon Oct 31 20:51:16 EDT 2011] [message] at org.eclipse.wst.sse.ui.internal.style.SemanticHighlightingReconciler.reconcile(SemanticHighlightingReconciler.java:127)
[Mon Oct 31 20:51:16 EDT 2011] [message] at org.eclipse.wst.sse.ui.internal.reconcile.DocumentRegionProcessor.endProcessing(DocumentRegionProcessor.java:119)
[Mon Oct 31 20:51:16 EDT 2011] [message] at org.eclipse.wst.sse.ui.internal.reconcile.DirtyRegionProcessor$BackgroundThread.run(DirtyRegionProcessor.java:702)
[Mon Oct 31 20:51:16 EDT 2011] [message] org.eclipse.dltk.core.ModelException:   does not exist
[Mon Oct 31 20:51:16 EDT 2011] [message] at org.eclipse.dltk.internal.core.ModelOperation.runOperation(ModelOperation.java:760)
[Mon Oct 31 20:51:16 EDT 2011] [message] at org.eclipse.dltk.internal.core.SourceType.newSupertypeHierarchy(SourceType.java:398)
[Mon Oct 31 20:51:16 EDT 2011] [message] at org.eclipse.dltk.internal.core.SourceType.newSupertypeHierarchy(SourceType.java:368)
[Mon Oct 31 20:51:16 EDT 2011] [message] at org.eclipse.php.internal.core.typeinference.PHPModelUtils.getSuperClasses(PHPModelUtils.java:1201)
[Mon Oct 31 20:51:16 EDT 2011] [message] at org.eclipse.php.internal.core.typeinference.evaluators.ClassVariableDeclarationEvaluator.resolveMagicClassVariableDeclaration(ClassVariableDeclarationEvaluator.java:192)
[Mon Oct 31 20:51:16 EDT 2011] [message] at org.eclipse.php.internal.core.typeinference.evaluators.ClassVariableDeclarationEvaluator.init(ClassVariableDeclarationEvaluator.java:141)
[Mon Oct 31 20:51:16 EDT 2011] [message] at org.eclipse.dltk.ti.GoalEngine.evaluateGoal(GoalEngine.java:220)
[Mon Oct 31 20:51:16 EDT 2011] [message] at org.eclipse.dltk.ti.DefaultTypeInferencer.evaluateType(DefaultTypeInferencer.java:223)
[Mon Oct 31 20:51:16 EDT 2011] [message] at org.eclipse.dltk.ti.DefaultTypeInferencer.evaluateType(DefaultTypeInferencer.java:213)
[Mon Oct 31 20:51:16 EDT 2011] [message] at org.eclipse.php.internal.core.typeinference.BindingUtility.getType(BindingUtility.java:162)
[Mon Oct 31 20:51:16 EDT 2011] [message] at org.eclipse.php.internal.core.typeinference.BindingUtility.getType(BindingUtility.java:188)
[Mon Oct 31 20:51:16 EDT 2011] [message] at org.eclipse.php.internal.core.typeinference.BindingUtility.getType(BindingUtility.java:156)
[Mon Oct 31 20:51:16 EDT 2011] [message] at org.eclipse.php.internal.core.ast.nodes.DefaultBindingResolver.getEvaluatedType(DefaultBindingResolver.java:243)
[Mon Oct 31 20:51:16 EDT 2011] [message] at org.eclipse.php.internal.core.ast.nodes.DefaultBindingResolver.resolveExpressionType(DefaultBindingResolver.java:375)
[Mon Oct 31 20:51:16 EDT 2011] [message] at org.eclipse.php.internal.core.ast.nodes.Expression.resolveTypeBinding(Expression.java:107)
[Mon Oct 31 20:51:16 EDT 2011] [message] at org.eclipse.php.internal.ui.editor.highlighter.ModelUtils.getMethod(ModelUtils.java:43)
[Mon Oct 31 20:51:16 EDT 2011] [message] at org.eclipse.php.internal.ui.editor.highlighters.StaticMethodHighlighting$StaticMethodApply.visit(StaticMethodHighlighting.java:59)
[Mon Oct 31 20:51:16 EDT 2011] [message] at org.eclipse.php.internal.core.ast.nodes.MethodInvocation.accept0(MethodInvocation.java:73)
[Mon Oct 31 20:51:16 EDT 2011] [message] at org.eclipse.php.internal.core.ast.nodes.ASTNode.accept(ASTNode.java:275)
[Mon Oct 31 20:51:16 EDT 2011] [message] at org.eclipse.php.internal.core.ast.nodes.ExpressionStatement.childrenAccept(ExpressionStatement.java:73)
[Mon Oct 31 20:51:16 EDT 2011] [message] at org.eclipse.php.internal.core.ast.nodes.ExpressionStatement.accept0(ExpressionStatement.java:67)
[Mon Oct 31 20:51:16 EDT 2011] [message] at org.eclipse.php.internal.core.ast.nodes.ASTNode.accept(ASTNode.java:275)
[Mon Oct 31 20:51:16 EDT 2011] [message] at org.eclipse.php.internal.core.ast.nodes.Block.childrenAccept(Block.java:97)
[Mon Oct 31 20:51:16 EDT 2011] [message] at org.eclipse.php.internal.core.ast.nodes.Block.accept0(Block.java:90)
[Mon Oct 31 20:51:16 EDT 2011] [message] at org.eclipse.php.internal.core.ast.nodes.ASTNode.accept(ASTNode.java:275)
[Mon Oct 31 20:51:16 EDT 2011] [message] at org.eclipse.php.internal.core.ast.nodes.IfStatement.childrenAccept(IfStatement.java:96)
[Mon Oct 31 20:51:16 EDT 2011] [message] at org.eclipse.php.internal.core.ast.nodes.IfStatement.accept0(IfStatement.java:89)
[Mon Oct 31 20:51:16 EDT 2011] [message] at org.eclipse.php.internal.core.ast.nodes.ASTNode.accept(ASTNode.java:275)
[Mon Oct 31 20:51:16 EDT 2011] [message] at org.eclipse.php.internal.core.ast.nodes.Block.childrenAccept(Block.java:97)
[Mon Oct 31 20:51:16 EDT 2011] [message] at org.eclipse.php.internal.core.ast.nodes.Block.accept0(Block.java:90)
[Mon Oct 31 20:51:16 EDT 2011] [message] at org.eclipse.php.internal.core.ast.nodes.ASTNode.accept(ASTNode.java:275)
[Mon Oct 31 20:51:16 EDT 2011] [message] at org.eclipse.php.internal.core.ast.nodes.FunctionDeclaration.childrenAccept(FunctionDeclaration.java:108)
[Mon Oct 31 20:51:16 EDT 2011] [message] at org.eclipse.php.internal.core.ast.nodes.FunctionDeclaration.accept0(FunctionDeclaration.java:97)
[Mon Oct 31 20:51:16 EDT 2011] [message] at org.eclipse.php.internal.core.ast.nodes.ASTNode.accept(ASTNode.java:275)
[Mon Oct 31 20:51:16 EDT 2011] [message] at org.eclipse.php.internal.core.ast.nodes.MethodDeclaration.childrenAccept(MethodDeclaration.java:90)
[Mon Oct 31 20:51:16 EDT 2011] [message] at org.eclipse.php.internal.core.ast.nodes.MethodDeclaration.accept0(MethodDeclaration.java:82)
[Mon Oct 31 20:51:16 EDT 2011] [message] at org.eclipse.php.internal.core.ast.nodes.ASTNode.accept(ASTNode.java:275)
[Mon Oct 31 20:51:16 EDT 2011] [message] at org.eclipse.php.internal.core.ast.nodes.Block.childrenAccept(Block.java:97)
[Mon Oct 31 20:51:16 EDT 2011] [message] at org.eclipse.php.internal.core.ast.nodes.Block.accept0(Block.java:90)
[Mon Oct 31 20:51:16 EDT 2011] [message] at org.eclipse.php.internal.core.ast.nodes.ASTNode.accept(ASTNode.java:275)
[Mon Oct 31 20:51:16 EDT 2011] [message] at org.eclipse.php.internal.core.ast.nodes.ClassDeclaration.childrenAccept(ClassDeclaration.java:118)
[Mon Oct 31 20:51:16 EDT 2011] [message] at org.eclipse.php.internal.core.ast.nodes.ClassDeclaration.accept0(ClassDeclaration.java:104)
[Mon Oct 31 20:51:16 EDT 2011] [message] at org.eclipse.php.internal.core.ast.nodes.ASTNode.accept(ASTNode.java:275)
[Mon Oct 31 20:51:16 EDT 2011] [message] at org.eclipse.php.internal.core.ast.nodes.Program.childrenAccept(Program.java:195)
[Mon Oct 31 20:51:16 EDT 2011] [message] at org.eclipse.php.internal.core.ast.nodes.Program.accept0(Program.java:188)
[Mon Oct 31 20:51:16 EDT 2011] [message] at org.eclipse.php.internal.core.ast.nodes.ASTNode.accept(ASTNode.java:275)
[Mon Oct 31 20:51:16 EDT 2011] [message] at org.eclipse.php.internal.ui.editor.highlighter.AbstractSemanticHighlighting.consumes(AbstractSemanticHighlighting.java:92)
[Mon Oct 31 20:51:16 EDT 2011] [message] at org.eclipse.php.internal.ui.editor.highlighter.AbstractSemanticHighlighting.consumes(AbstractSemanticHighlighting.java:101)
[Mon Oct 31 20:51:16 EDT 2011] [message] at org.eclipse.wst.sse.ui.internal.style.SemanticHighlightingReconciler.reconcile(SemanticHighlightingReconciler.java:127)
[Mon Oct 31 20:51:16 EDT 2011] [message] at org.eclipse.wst.sse.ui.internal.reconcile.DocumentRegionProcessor.endProcessing(DocumentRegionProcessor.java:119)
[Mon Oct 31 20:51:16 EDT 2011] [message] at org.eclipse.wst.sse.ui.internal.reconcile.DirtyRegionProcessor$BackgroundThread.run(DirtyRegionProcessor.java:702)
[Mon Oct 31 20:51:16 EDT 2011] [message] org.eclipse.dltk.core.ModelException:   does not exist
[Mon Oct 31 20:51:16 EDT 2011] [message] at org.eclipse.dltk.internal.core.ModelOperation.runOperation(ModelOperation.java:760)
[Mon Oct 31 20:51:16 EDT 2011] [message] at org.eclipse.dltk.internal.core.SourceType.newSupertypeHierarchy(SourceType.java:398)
[Mon Oct 31 20:51:16 EDT 2011] [message] at org.eclipse.dltk.internal.core.SourceType.newSupertypeHierarchy(SourceType.java:368)
[Mon Oct 31 20:51:16 EDT 2011] [message] at org.eclipse.php.internal.core.typeinference.PHPModelUtils.getSuperClasses(PHPModelUtils.java:1201)
[Mon Oct 31 20:51:16 EDT 2011] [message] at org.eclipse.php.internal.core.typeinference.evaluators.ClassVariableDeclarationEvaluator.resolveMagicClassVariableDeclaration(ClassVariableDeclarationEvaluator.java:192)
[Mon Oct 31 20:51:16 EDT 2011] [message] at org.eclipse.php.internal.core.typeinference.evaluators.ClassVariableDeclarationEvaluator.init(ClassVariableDeclarationEvaluator.java:141)
[Mon Oct 31 20:51:16 EDT 2011] [message] at org.eclipse.dltk.ti.GoalEngine.evaluateGoal(GoalEngine.java:220)
[Mon Oct 31 20:51:16 EDT 2011] [message] at org.eclipse.dltk.ti.DefaultTypeInferencer.evaluateType(DefaultTypeInferencer.java:223)
[Mon Oct 31 20:51:16 EDT 2011] [message] at org.eclipse.dltk.ti.DefaultTypeInferencer.evaluateType(DefaultTypeInferencer.java:213)
[Mon Oct 31 20:51:16 EDT 2011] [message] at org.eclipse.php.internal.core.typeinference.BindingUtility.getType(BindingUtility.java:162)
[Mon Oct 31 20:51:16 EDT 2011] [message] at org.eclipse.php.internal.core.typeinference.BindingUtility.getType(BindingUtility.java:188)
[Mon Oct 31 20:51:16 EDT 2011] [message] at org.eclipse.php.internal.core.typeinference.BindingUtility.getType(BindingUtility.java:156)
[Mon Oct 31 20:51:16 EDT 2011] [message] at org.eclipse.php.internal.core.ast.nodes.DefaultBindingResolver.getEvaluatedType(DefaultBindingResolver.java:243)
[Mon Oct 31 20:51:16 EDT 2011] [message] at org.eclipse.php.internal.core.ast.nodes.DefaultBindingResolver.resolveExpressionType(DefaultBindingResolver.java:375)
[Mon Oct 31 20:51:16 EDT 2011] [message] at org.eclipse.php.internal.core.ast.nodes.Expression.resolveTypeBinding(Expression.java:107)
[Mon Oct 31 20:51:16 EDT 2011] [message] at org.eclipse.php.internal.ui.editor.highlighter.ModelUtils.getMethod(ModelUtils.java:43)
[Mon Oct 31 20:51:16 EDT 2011] [message] at org.eclipse.php.internal.ui.editor.highlighters.StaticMethodHighlighting$StaticMethodApply.visit(StaticMethodHighlighting.java:59)
[Mon Oct 31 20:51:16 EDT 2011] [message] at org.eclipse.php.internal.core.ast.nodes.MethodInvocation.accept0(MethodInvocation.java:73)
[Mon Oct 31 20:51:16 EDT 2011] [message] at org.eclipse.php.internal.core.ast.nodes.ASTNode.accept(ASTNode.java:275)
[Mon Oct 31 20:51:16 EDT 2011] [message] at org.eclipse.php.internal.core.ast.nodes.IfStatement.childrenAccept(IfStatement.java:95)
[Mon Oct 31 20:51:16 EDT 2011] [message] at org.eclipse.php.internal.core.ast.nodes.IfStatement.accept0(IfStatement.java:89)
[Mon Oct 31 20:51:16 EDT 2011] [message] at org.eclipse.php.internal.core.ast.nodes.ASTNode.accept(ASTNode.java:275)
[Mon Oct 31 20:51:16 EDT 2011] [message] at org.eclipse.php.internal.core.ast.nodes.Block.childrenAccept(Block.java:97)
[Mon Oct 31 20:51:16 EDT 2011] [message] at org.eclipse.php.internal.core.ast.nodes.Block.accept0(Block.java:90)
[Mon Oct 31 20:51:16 EDT 2011] [message] at org.eclipse.php.internal.core.ast.nodes.ASTNode.accept(ASTNode.java:275)
[Mon Oct 31 20:51:16 EDT 2011] [message] at org.eclipse.php.internal.core.ast.nodes.IfStatement.childrenAccept(IfStatement.java:96)
[Mon Oct 31 20:51:16 EDT 2011] [message] at org.eclipse.php.internal.core.ast.nodes.IfStatement.accept0(IfStatement.java:89)
[Mon Oct 31 20:51:16 EDT 2011] [message] at org.eclipse.php.internal.core.ast.nodes.ASTNode.accept(ASTNode.java:275)
[Mon Oct 31 20:51:16 EDT 2011] [message] at org.eclipse.php.internal.core.ast.nodes.Block.childrenAccept(Block.java:97)
[Mon Oct 31 20:51:16 EDT 2011] [message] at org.eclipse.php.internal.core.ast.nodes.Block.accept0(Block.java:90)
[Mon Oct 31 20:51:16 EDT 2011] [message] at org.eclipse.php.internal.core.ast.nodes.ASTNode.accept(ASTNode.java:275)
[Mon Oct 31 20:51:16 EDT 2011] [message] at org.eclipse.php.internal.core.ast.nodes.FunctionDeclaration.childrenAccept(FunctionDeclaration.java:108)
[Mon Oct 31 20:51:16 EDT 2011] [message] at org.eclipse.php.internal.core.ast.nodes.FunctionDeclaration.accept0(FunctionDeclaration.java:97)
[Mon Oct 31 20:51:16 EDT 2011] [message] at org.eclipse.php.internal.core.ast.nodes.ASTNode.accept(ASTNode.java:275)
[Mon Oct 31 20:51:16 EDT 2011] [message] at org.eclipse.php.internal.core.ast.nodes.MethodDeclaration.childrenAccept(MethodDeclaration.java:90)
[Mon Oct 31 20:51:16 EDT 2011] [message] at org.eclipse.php.internal.core.ast.nodes.MethodDeclaration.accept0(MethodDeclaration.java:82)
[Mon Oct 31 20:51:16 EDT 2011] [message] at org.eclipse.php.internal.core.ast.nodes.ASTNode.accept(ASTNode.java:275)
[Mon Oct 31 20:51:16 EDT 2011] [message] at org.eclipse.php.internal.core.ast.nodes.Block.childrenAccept(Block.java:97)
[Mon Oct 31 20:51:16 EDT 2011] [message] at org.eclipse.php.internal.core.ast.nodes.Block.accept0(Block.java:90)
[Mon Oct 31 20:51:16 EDT 2011] [message] at org.eclipse.php.internal.core.ast.nodes.ASTNode.accept(ASTNode.java:275)
[Mon Oct 31 20:51:16 EDT 2011] [message] at org.eclipse.php.internal.core.ast.nodes.ClassDeclaration.childrenAccept(ClassDeclaration.java:118)
[Mon Oct 31 20:51:16 EDT 2011] [message] at org.eclipse.php.internal.core.ast.nodes.ClassDeclaration.accept0(ClassDeclaration.java:104)
[Mon Oct 31 20:51:16 EDT 2011] [message] at org.eclipse.php.internal.core.ast.nodes.ASTNode.accept(ASTNode.java:275)
[Mon Oct 31 20:51:16 EDT 2011] [message] at org.eclipse.php.internal.core.ast.nodes.Program.childrenAccept(Program.java:195)
[Mon Oct 31 20:51:16 EDT 2011] [message] at org.eclipse.php.internal.core.ast.nodes.Program.accept0(Program.java:188)
[Mon Oct 31 20:51:16 EDT 2011] [message] at org.eclipse.php.internal.core.ast.nodes.ASTNode.accept(ASTNode.java:275)
[Mon Oct 31 20:51:16 EDT 2011] [message] at org.eclipse.php.internal.ui.editor.highlighter.AbstractSemanticHighlighting.consumes(AbstractSemanticHighlighting.java:92)
[Mon Oct 31 20:51:17 EDT 2011] [message] at org.eclipse.php.internal.ui.editor.highlighter.AbstractSemanticHighlighting.consumes(AbstractSemanticHighlighting.java:101)
[Mon Oct 31 20:51:17 EDT 2011] [message] at org.eclipse.wst.sse.ui.internal.style.SemanticHighlightingReconciler.reconcile(SemanticHighlightingReconciler.java:127)
[Mon Oct 31 20:51:17 EDT 2011] [message] at org.eclipse.wst.sse.ui.internal.reconcile.DocumentRegionProcessor.endProcessing(DocumentRegionProcessor.java:119)
[Mon Oct 31 20:51:17 EDT 2011] [message] at org.eclipse.wst.sse.ui.internal.reconcile.DirtyRegionProcessor$BackgroundThread.run(DirtyRegionProcessor.java:702)
[Mon Oct 31 20:51:17 EDT 2011] [message] org.eclipse.dltk.core.ModelException:   does not exist
[Mon Oct 31 20:51:17 EDT 2011] [message] at org.eclipse.dltk.internal.core.ModelOperation.runOperation(ModelOperation.java:760)
[Mon Oct 31 20:51:17 EDT 2011] [message] at org.eclipse.dltk.internal.core.SourceType.newSupertypeHierarchy(SourceType.java:398)
[Mon Oct 31 20:51:17 EDT 2011] [message] at org.eclipse.dltk.internal.core.SourceType.newSupertypeHierarchy(SourceType.java:368)
[Mon Oct 31 20:51:17 EDT 2011] [message] at org.eclipse.php.internal.core.typeinference.PHPModelUtils.getSuperClasses(PHPModelUtils.java:1201)
[Mon Oct 31 20:51:17 EDT 2011] [message] at org.eclipse.php.internal.core.typeinference.evaluators.ClassVariableDeclarationEvaluator.resolveMagicClassVariableDeclaration(ClassVariableDeclarationEvaluator.java:192)
[Mon Oct 31 20:51:17 EDT 2011] [message] at org.eclipse.php.internal.core.typeinference.evaluators.ClassVariableDeclarationEvaluator.init(ClassVariableDeclarationEvaluator.java:141)
[Mon Oct 31 20:51:17 EDT 2011] [message] at org.eclipse.dltk.ti.GoalEngine.evaluateGoal(GoalEngine.java:220)
[Mon Oct 31 20:51:17 EDT 2011] [message] at org.eclipse.dltk.ti.DefaultTypeInferencer.evaluateType(DefaultTypeInferencer.java:223)
[Mon Oct 31 20:51:17 EDT 2011] [message] at org.eclipse.dltk.ti.DefaultTypeInferencer.evaluateType(DefaultTypeInferencer.java:213)
[Mon Oct 31 20:51:17 EDT 2011] [message] at org.eclipse.php.internal.core.typeinference.BindingUtility.getType(BindingUtility.java:162)
[Mon Oct 31 20:51:17 EDT 2011] [message] at org.eclipse.php.internal.core.typeinference.BindingUtility.getType(BindingUtility.java:188)
[Mon Oct 31 20:51:17 EDT 2011] [message] at org.eclipse.php.internal.core.typeinference.BindingUtility.getType(BindingUtility.java:156)
[Mon Oct 31 20:51:17 EDT 2011] [message] at org.eclipse.php.internal.core.ast.nodes.DefaultBindingResolver.getEvaluatedType(DefaultBindingResolver.java:243)
[Mon Oct 31 20:51:17 EDT 2011] [message] at org.eclipse.php.internal.core.ast.nodes.DefaultBindingResolver.resolveExpressionType(DefaultBindingResolver.java:375)
[Mon Oct 31 20:51:17 EDT 2011] [message] at org.eclipse.php.internal.core.ast.nodes.Expression.resolveTypeBinding(Expression.java:107)
[Mon Oct 31 20:51:17 EDT 2011] [message] at org.eclipse.php.internal.ui.editor.highlighter.ModelUtils.getMethod(ModelUtils.java:43)
[Mon Oct 31 20:51:17 EDT 2011] [message] at org.eclipse.php.internal.ui.editor.highlighters.StaticMethodHighlighting$StaticMethodApply.visit(StaticMethodHighlighting.java:59)
[Mon Oct 31 20:51:17 EDT 2011] [message] at org.eclipse.php.internal.core.ast.nodes.MethodInvocation.accept0(MethodInvocation.java:73)
[Mon Oct 31 20:51:17 EDT 2011] [message] at org.eclipse.php.internal.core.ast.nodes.ASTNode.accept(ASTNode.java:275)
[Mon Oct 31 20:51:17 EDT 2011] [message] at org.eclipse.php.internal.core.ast.nodes.ExpressionStatement.childrenAccept(ExpressionStatement.java:73)
[Mon Oct 31 20:51:17 EDT 2011] [message] at org.eclipse.php.internal.core.ast.nodes.ExpressionStatement.accept0(ExpressionStatement.java:67)
[Mon Oct 31 20:51:17 EDT 2011] [message] at org.eclipse.php.internal.core.ast.nodes.ASTNode.accept(ASTNode.java:275)
[Mon Oct 31 20:51:17 EDT 2011] [message] at org.eclipse.php.internal.core.ast.nodes.Block.childrenAccept(Block.java:97)
[Mon Oct 31 20:51:17 EDT 2011] [message] at org.eclipse.php.internal.core.ast.nodes.Block.accept0(Block.java:90)
[Mon Oct 31 20:51:17 EDT 2011] [message] at org.eclipse.php.internal.core.ast.nodes.ASTNode.accept(ASTNode.java:275)
[Mon Oct 31 20:51:17 EDT 2011] [message] at org.eclipse.php.internal.core.ast.nodes.IfStatement.childrenAccept(IfStatement.java:96)
[Mon Oct 31 20:51:17 EDT 2011] [message] at org.eclipse.php.internal.core.ast.nodes.IfStatement.accept0(IfStatement.java:89)
[Mon Oct 31 20:51:17 EDT 2011] [message] at org.eclipse.php.internal.core.ast.nodes.ASTNode.accept(ASTNode.java:275)
[Mon Oct 31 20:51:17 EDT 2011] [message] at org.eclipse.php.internal.core.ast.nodes.Block.childrenAccept(Block.java:97)
[Mon Oct 31 20:51:17 EDT 2011] [message] at org.eclipse.php.internal.core.ast.nodes.Block.accept0(Block.java:90)
[Mon Oct 31 20:51:17 EDT 2011] [message] at org.eclipse.php.internal.core.ast.nodes.ASTNode.accept(ASTNode.java:275)
[Mon Oct 31 20:51:17 EDT 2011] [message] at org.eclipse.php.internal.core.ast.nodes.IfStatement.childrenAccept(IfStatement.java:96)
[Mon Oct 31 20:51:17 EDT 2011] [message] at org.eclipse.php.internal.core.ast.nodes.IfStatement.accept0(IfStatement.java:89)
[Mon Oct 31 20:51:17 EDT 2011] [message] at org.eclipse.php.internal.core.ast.nodes.ASTNode.accept(ASTNode.java:275)
[Mon Oct 31 20:51:17 EDT 2011] [message] at org.eclipse.php.internal.core.ast.nodes.Block.childrenAccept(Block.java:97)
[Mon Oct 31 20:51:17 EDT 2011] [message] at org.eclipse.php.internal.core.ast.nodes.Block.accept0(Block.java:90)
[Mon Oct 31 20:51:17 EDT 2011] [message] at org.eclipse.php.internal.core.ast.nodes.ASTNode.accept(ASTNode.java:275)
[Mon Oct 31 20:51:17 EDT 2011] [message] at org.eclipse.php.internal.core.ast.nodes.FunctionDeclaration.childrenAccept(FunctionDeclaration.java:108)
[Mon Oct 31 20:51:17 EDT 2011] [message] at org.eclipse.php.internal.core.ast.nodes.FunctionDeclaration.accept0(FunctionDeclaration.java:97)
[Mon Oct 31 20:51:17 EDT 2011] [message] at org.eclipse.php.internal.core.ast.nodes.ASTNode.accept(ASTNode.java:275)
[Mon Oct 31 20:51:17 EDT 2011] [message] at org.eclipse.php.internal.core.ast.nodes.MethodDeclaration.childrenAccept(MethodDeclaration.java:90)
[Mon Oct 31 20:51:17 EDT 2011] [message] at org.eclipse.php.internal.core.ast.nodes.MethodDeclaration.accept0(MethodDeclaration.java:82)
[Mon Oct 31 20:51:17 EDT 2011] [message] at org.eclipse.php.internal.core.ast.nodes.ASTNode.accept(ASTNode.java:275)
[Mon Oct 31 20:51:17 EDT 2011] [message] at org.eclipse.php.internal.core.ast.nodes.Block.childrenAccept(Block.java:97)
[Mon Oct 31 20:51:17 EDT 2011] [message] at org.eclipse.php.internal.core.ast.nodes.Block.accept0(Block.java:90)
[Mon Oct 31 20:51:17 EDT 2011] [message] at org.eclipse.php.internal.core.ast.nodes.ASTNode.accept(ASTNode.java:275)
[Mon Oct 31 20:51:17 EDT 2011] [message] at org.eclipse.php.internal.core.ast.nodes.ClassDeclaration.childrenAccept(ClassDeclaration.java:118)
[Mon Oct 31 20:51:17 EDT 2011] [message] at org.eclipse.php.internal.core.ast.nodes.ClassDeclaration.accept0(ClassDeclaration.java:104)
[Mon Oct 31 20:51:17 EDT 2011] [message] at org.eclipse.php.internal.core.ast.nodes.ASTNode.accept(ASTNode.java:275)
[Mon Oct 31 20:51:17 EDT 2011] [message] at org.eclipse.php.internal.core.ast.nodes.Program.childrenAccept(Program.java:195)
[Mon Oct 31 20:51:17 EDT 2011] [message] at org.eclipse.php.internal.core.ast.nodes.Program.accept0(Program.java:188)
[Mon Oct 31 20:51:17 EDT 2011] [message] at org.eclipse.php.internal.core.ast.nodes.ASTNode.accept(ASTNode.java:275)
[Mon Oct 31 20:51:17 EDT 2011] [message] at org.eclipse.php.internal.ui.editor.highlighter.AbstractSemanticHighlighting.consumes(AbstractSemanticHighlighting.java:92)
[Mon Oct 31 20:51:17 EDT 2011] [message] at org.eclipse.php.internal.ui.editor.highlighter.AbstractSemanticHighlighting.consumes(AbstractSemanticHighlighting.java:101)
[Mon Oct 31 20:51:17 EDT 2011] [message] at org.eclipse.wst.sse.ui.internal.style.SemanticHighlightingReconciler.reconcile(SemanticHighlightingReconciler.java:127)
[Mon Oct 31 20:51:17 EDT 2011] [message] at org.eclipse.wst.sse.ui.internal.reconcile.DocumentRegionProcessor.endProcessing(DocumentRegionProcessor.java:119)
[Mon Oct 31 20:51:17 EDT 2011] [message] at org.eclipse.wst.sse.ui.internal.reconcile.DirtyRegionProcessor$BackgroundThread.run(DirtyRegionProcessor.java:702)
[Mon Oct 31 20:51:17 EDT 2011] [message] org.eclipse.dltk.core.ModelException:   does not exist
[Mon Oct 31 20:51:17 EDT 2011] [message] at org.eclipse.dltk.internal.core.ModelOperation.runOperation(ModelOperation.java:760)
[Mon Oct 31 20:51:17 EDT 2011] [message] at org.eclipse.dltk.internal.core.SourceType.newSupertypeHierarchy(SourceType.java:398)
[Mon Oct 31 20:51:17 EDT 2011] [message] at org.eclipse.dltk.internal.core.SourceType.newSupertypeHierarchy(SourceType.java:368)
[Mon Oct 31 20:51:17 EDT 2011] [message] at org.eclipse.php.internal.core.typeinference.PHPModelUtils.getSuperClasses(PHPModelUtils.java:1201)
[Mon Oct 31 20:51:17 EDT 2011] [message] at org.eclipse.php.internal.core.typeinference.evaluators.ClassVariableDeclarationEvaluator.resolveMagicClassVariableDeclaration(ClassVariableDeclarationEvaluator.java:192)
[Mon Oct 31 20:51:17 EDT 2011] [message] at org.eclipse.php.internal.core.typeinference.evaluators.ClassVariableDeclarationEvaluator.init(ClassVariableDeclarationEvaluator.java:141)
[Mon Oct 31 20:51:17 EDT 2011] [message] at org.eclipse.dltk.ti.GoalEngine.evaluateGoal(GoalEngine.java:220)
[Mon Oct 31 20:51:17 EDT 2011] [message] at org.eclipse.dltk.ti.DefaultTypeInferencer.evaluateType(DefaultTypeInferencer.java:223)
[Mon Oct 31 20:51:17 EDT 2011] [message] at org.eclipse.dltk.ti.DefaultTypeInferencer.evaluateType(DefaultTypeInferencer.java:213)
[Mon Oct 31 20:51:17 EDT 2011] [message] at org.eclipse.php.internal.core.typeinference.BindingUtility.getType(BindingUtility.java:162)
[Mon Oct 31 20:51:17 EDT 2011] [message] at org.eclipse.php.internal.core.typeinference.BindingUtility.getType(BindingUtility.java:188)
[Mon Oct 31 20:51:17 EDT 2011] [message] at org.eclipse.php.internal.core.typeinference.BindingUtility.getType(BindingUtility.java:156)
[Mon Oct 31 20:51:17 EDT 2011] [message] at org.eclipse.php.internal.core.ast.nodes.DefaultBindingResolver.getEvaluatedType(DefaultBindingResolver.java:243)
[Mon Oct 31 20:51:17 EDT 2011] [message] at org.eclipse.php.internal.core.ast.nodes.DefaultBindingResolver.resolveExpressionType(DefaultBindingResolver.java:375)
[Mon Oct 31 20:51:17 EDT 2011] [message] at org.eclipse.php.internal.core.ast.nodes.Expression.resolveTypeBinding(Expression.java:107)
[Mon Oct 31 20:51:17 EDT 2011] [message] at org.eclipse.php.internal.ui.editor.highlighter.ModelUtils.getMethod(ModelUtils.java:43)
[Mon Oct 31 20:51:17 EDT 2011] [message] at org.eclipse.php.internal.ui.editor.highlighters.StaticMethodHighlighting$StaticMethodApply.visit(StaticMethodHighlighting.java:59)
[Mon Oct 31 20:51:17 EDT 2011] [message] at org.eclipse.php.internal.core.ast.nodes.MethodInvocation.accept0(MethodInvocation.java:73)
[Mon Oct 31 20:51:17 EDT 2011] [message] at org.eclipse.php.internal.core.ast.nodes.ASTNode.accept(ASTNode.java:275)
[Mon Oct 31 20:51:17 EDT 2011] [message] at org.eclipse.php.internal.core.ast.nodes.ExpressionStatement.childrenAccept(ExpressionStatement.java:73)
[Mon Oct 31 20:51:17 EDT 2011] [message] at org.eclipse.php.internal.core.ast.nodes.ExpressionStatement.accept0(ExpressionStatement.java:67)
[Mon Oct 31 20:51:17 EDT 2011] [message] at org.eclipse.php.internal.core.ast.nodes.ASTNode.accept(ASTNode.java:275)
[Mon Oct 31 20:51:17 EDT 2011] [message] at org.eclipse.php.internal.core.ast.nodes.Block.childrenAccept(Block.java:97)
[Mon Oct 31 20:51:17 EDT 2011] [message] at org.eclipse.php.internal.core.ast.nodes.Block.accept0(Block.java:90)
[Mon Oct 31 20:51:17 EDT 2011] [message] at org.eclipse.php.internal.core.ast.nodes.ASTNode.accept(ASTNode.java:275)
[Mon Oct 31 20:51:17 EDT 2011] [message] at org.eclipse.php.internal.core.ast.nodes.IfStatement.childrenAccept(IfStatement.java:98)
[Mon Oct 31 20:51:17 EDT 2011] [message] at org.eclipse.php.internal.core.ast.nodes.IfStatement.accept0(IfStatement.java:89)
[Mon Oct 31 20:51:17 EDT 2011] [message] at org.eclipse.php.internal.core.ast.nodes.ASTNode.accept(ASTNode.java:275)
[Mon Oct 31 20:51:17 EDT 2011] [message] at org.eclipse.php.internal.core.ast.nodes.Block.childrenAccept(Block.java:97)
[Mon Oct 31 20:51:17 EDT 2011] [message] at org.eclipse.php.internal.core.ast.nodes.Block.accept0(Block.java:90)
[Mon Oct 31 20:51:17 EDT 2011] [message] at org.eclipse.php.internal.core.ast.nodes.ASTNode.accept(ASTNode.java:275)
[Mon Oct 31 20:51:17 EDT 2011] [message] at org.eclipse.php.internal.core.ast.nodes.IfStatement.childrenAccept(IfStatement.java:96)
[Mon Oct 31 20:51:17 EDT 2011] [message] at org.eclipse.php.internal.core.ast.nodes.IfStatement.accept0(IfStatement.java:89)
[Mon Oct 31 20:51:17 EDT 2011] [message] at org.eclipse.php.internal.core.ast.nodes.ASTNode.accept(ASTNode.java:275)
[Mon Oct 31 20:51:17 EDT 2011] [message] at org.eclipse.php.internal.core.ast.nodes.Block.childrenAccept(Block.java:97)
[Mon Oct 31 20:51:17 EDT 2011] [message] at org.eclipse.php.internal.core.ast.nodes.Block.accept0(Block.java:90)
[Mon Oct 31 20:51:17 EDT 2011] [message] at org.eclipse.php.internal.core.ast.nodes.ASTNode.accept(ASTNode.java:275)
[Mon Oct 31 20:51:17 EDT 2011] [message] at org.eclipse.php.internal.core.ast.nodes.FunctionDeclaration.childrenAccept(FunctionDeclaration.java:108)
[Mon Oct 31 20:51:17 EDT 2011] [message] at org.eclipse.php.internal.core.ast.nodes.FunctionDeclaration.accept0(FunctionDeclaration.java:97)
[Mon Oct 31 20:51:17 EDT 2011] [message] at org.eclipse.php.internal.core.ast.nodes.ASTNode.accept(ASTNode.java:275)
[Mon Oct 31 20:51:17 EDT 2011] [message] at org.eclipse.php.internal.core.ast.nodes.MethodDeclaration.childrenAccept(MethodDeclaration.java:90)
[Mon Oct 31 20:51:17 EDT 2011] [message] at org.eclipse.php.internal.core.ast.nodes.MethodDeclaration.accept0(MethodDeclaration.java:82)
[Mon Oct 31 20:51:17 EDT 2011] [message] at org.eclipse.php.internal.core.ast.nodes.ASTNode.accept(ASTNode.java:275)
[Mon Oct 31 20:51:17 EDT 2011] [message] at org.eclipse.php.internal.core.ast.nodes.Block.childrenAccept(Block.java:97)
[Mon Oct 31 20:51:17 EDT 2011] [message] at org.eclipse.php.internal.core.ast.nodes.Block.accept0(Block.java:90)
[Mon Oct 31 20:51:17 EDT 2011] [message] at org.eclipse.php.internal.core.ast.nodes.ASTNode.accept(ASTNode.java:275)
[Mon Oct 31 20:51:17 EDT 2011] [message] at org.eclipse.php.internal.core.ast.nodes.ClassDeclaration.childrenAccept(ClassDeclaration.java:118)
[Mon Oct 31 20:51:17 EDT 2011] [message] at org.eclipse.php.internal.core.ast.nodes.ClassDeclaration.accept0(ClassDeclaration.java:104)
[Mon Oct 31 20:51:17 EDT 2011] [message] at org.eclipse.php.internal.core.ast.nodes.ASTNode.accept(ASTNode.java:275)
[Mon Oct 31 20:51:17 EDT 2011] [message] at org.eclipse.php.internal.core.ast.nodes.Program.childrenAccept(Program.java:195)
[Mon Oct 31 20:51:17 EDT 2011] [message] at org.eclipse.php.internal.core.ast.nodes.Program.accept0(Program.java:188)
[Mon Oct 31 20:51:17 EDT 2011] [message] at org.eclipse.php.internal.core.ast.nodes.ASTNode.accept(ASTNode.java:275)
[Mon Oct 31 20:51:17 EDT 2011] [message] at org.eclipse.php.internal.ui.editor.highlighter.AbstractSemanticHighlighting.consumes(AbstractSemanticHighlighting.java:92)
[Mon Oct 31 20:51:17 EDT 2011] [message] at org.eclipse.php.internal.ui.editor.highlighter.AbstractSemanticHighlighting.consumes(AbstractSemanticHighlighting.java:101)
[Mon Oct 31 20:51:17 EDT 2011] [message] at org.eclipse.wst.sse.ui.internal.style.SemanticHighlightingReconciler.reconcile(SemanticHighlightingReconciler.java:127)
[Mon Oct 31 20:51:17 EDT 2011] [message] at org.eclipse.wst.sse.ui.internal.reconcile.DocumentRegionProcessor.endProcessing(DocumentRegionProcessor.java:119)
[Mon Oct 31 20:51:17 EDT 2011] [message] at org.eclipse.wst.sse.ui.internal.reconcile.DirtyRegionProcessor$BackgroundThread.run(DirtyRegionProcessor.java:702)
[Mon Oct 31 20:51:17 EDT 2011] [message] org.eclipse.dltk.core.ModelException:   does not exist
[Mon Oct 31 20:51:17 EDT 2011] [message] at org.eclipse.dltk.internal.core.ModelOperation.runOperation(ModelOperation.java:760)
[Mon Oct 31 20:51:17 EDT 2011] [message] at org.eclipse.dltk.internal.core.SourceType.newSupertypeHierarchy(SourceType.java:398)
[Mon Oct 31 20:51:17 EDT 2011] [message] at org.eclipse.dltk.internal.core.SourceType.newSupertypeHierarchy(SourceType.java:368)
[Mon Oct 31 20:51:17 EDT 2011] [message] at org.eclipse.php.internal.core.typeinference.PHPModelUtils.getSuperClasses(PHPModelUtils.java:1201)
[Mon Oct 31 20:51:17 EDT 2011] [message] at org.eclipse.php.internal.core.typeinference.evaluators.ClassVariableDeclarationEvaluator.resolveMagicClassVariableDeclaration(ClassVariableDeclarationEvaluator.java:192)
[Mon Oct 31 20:51:17 EDT 2011] [message] at org.eclipse.php.internal.core.typeinference.evaluators.ClassVariableDeclarationEvaluator.init(ClassVariableDeclarationEvaluator.java:141)
[Mon Oct 31 20:51:17 EDT 2011] [message] at org.eclipse.dltk.ti.GoalEngine.evaluateGoal(GoalEngine.java:220)
[Mon Oct 31 20:51:17 EDT 2011] [message] at org.eclipse.dltk.ti.DefaultTypeInferencer.evaluateType(DefaultTypeInferencer.java:223)
[Mon Oct 31 20:51:17 EDT 2011] [message] at org.eclipse.dltk.ti.DefaultTypeInferencer.evaluateType(DefaultTypeInferencer.java:213)
[Mon Oct 31 20:51:17 EDT 2011] [message] at org.eclipse.php.internal.core.typeinference.BindingUtility.getType(BindingUtility.java:162)
[Mon Oct 31 20:51:17 EDT 2011] [message] at org.eclipse.php.internal.core.typeinference.BindingUtility.getType(BindingUtility.java:188)
[Mon Oct 31 20:51:17 EDT 2011] [message] at org.eclipse.php.internal.core.typeinference.BindingUtility.getType(BindingUtility.java:156)
[Mon Oct 31 20:51:17 EDT 2011] [message] at org.eclipse.php.internal.core.ast.nodes.DefaultBindingResolver.getEvaluatedType(DefaultBindingResolver.java:243)
[Mon Oct 31 20:51:17 EDT 2011] [message] at org.eclipse.php.internal.core.ast.nodes.DefaultBindingResolver.resolveExpressionType(DefaultBindingResolver.java:375)
[Mon Oct 31 20:51:17 EDT 2011] [message] at org.eclipse.php.internal.core.ast.nodes.Expression.resolveTypeBinding(Expression.java:107)
[Mon Oct 31 20:51:17 EDT 2011] [message] at org.eclipse.php.internal.ui.editor.highlighter.ModelUtils.getMethod(ModelUtils.java:43)
[Mon Oct 31 20:51:17 EDT 2011] [message] at org.eclipse.php.internal.ui.editor.highlighters.StaticMethodHighlighting$StaticMethodApply.visit(StaticMethodHighlighting.java:59)
[Mon Oct 31 20:51:17 EDT 2011] [message] at org.eclipse.php.internal.core.ast.nodes.MethodInvocation.accept0(MethodInvocation.java:73)
[Mon Oct 31 20:51:17 EDT 2011] [message] at org.eclipse.php.internal.core.ast.nodes.ASTNode.accept(ASTNode.java:275)
[Mon Oct 31 20:51:17 EDT 2011] [message] at org.eclipse.php.internal.core.ast.nodes.Assignment.childrenAccept(Assignment.java:130)
[Mon Oct 31 20:51:17 EDT 2011] [message] at org.eclipse.php.internal.core.ast.nodes.Assignment.accept0(Assignment.java:159)
[Mon Oct 31 20:51:17 EDT 2011] [message] at org.eclipse.php.internal.core.ast.nodes.ASTNode.accept(ASTNode.java:275)
[Mon Oct 31 20:51:17 EDT 2011] [message] at org.eclipse.php.internal.core.ast.nodes.ExpressionStatement.childrenAccept(ExpressionStatement.java:73)
[Mon Oct 31 20:51:17 EDT 2011] [message] at org.eclipse.php.internal.core.ast.nodes.ExpressionStatement.accept0(ExpressionStatement.java:67)
[Mon Oct 31 20:51:17 EDT 2011] [message] at org.eclipse.php.internal.core.ast.nodes.ASTNode.accept(ASTNode.java:275)
[Mon Oct 31 20:51:17 EDT 2011] [message] at org.eclipse.php.internal.core.ast.nodes.Block.childrenAccept(Block.java:97)
[Mon Oct 31 20:51:17 EDT 2011] [message] at org.eclipse.php.internal.core.ast.nodes.Block.accept0(Block.java:90)
[Mon Oct 31 20:51:17 EDT 2011] [message] at org.eclipse.php.internal.core.ast.nodes.ASTNode.accept(ASTNode.java:275)
[Mon Oct 31 20:51:17 EDT 2011] [message] at org.eclipse.php.internal.core.ast.nodes.IfStatement.childrenAccept(IfStatement.java:96)
[Mon Oct 31 20:51:17 EDT 2011] [message] at org.eclipse.php.internal.core.ast.nodes.IfStatement.accept0(IfStatement.java:89)
[Mon Oct 31 20:51:17 EDT 2011] [message] at org.eclipse.php.internal.core.ast.nodes.ASTNode.accept(ASTNode.java:275)
[Mon Oct 31 20:51:17 EDT 2011] [message] at org.eclipse.php.internal.core.ast.nodes.Block.childrenAccept(Block.java:97)
[Mon Oct 31 20:51:17 EDT 2011] [message] at org.eclipse.php.internal.core.ast.nodes.Block.accept0(Block.java:90)
[Mon Oct 31 20:51:17 EDT 2011] [message] at org.eclipse.php.internal.core.ast.nodes.ASTNode.accept(ASTNode.java:275)
[Mon Oct 31 20:51:17 EDT 2011] [message] at org.eclipse.php.internal.core.ast.nodes.FunctionDeclaration.childrenAccept(FunctionDeclaration.java:108)
[Mon Oct 31 20:51:17 EDT 2011] [message] at org.eclipse.php.internal.core.ast.nodes.FunctionDeclaration.accept0(FunctionDeclaration.java:97)
[Mon Oct 31 20:51:17 EDT 2011] [message] at org.eclipse.php.internal.core.ast.nodes.ASTNode.accept(ASTNode.java:275)
[Mon Oct 31 20:51:17 EDT 2011] [message] at org.eclipse.php.internal.core.ast.nodes.MethodDeclaration.childrenAccept(MethodDeclaration.java:90)
[Mon Oct 31 20:51:17 EDT 2011] [message] at org.eclipse.php.internal.core.ast.nodes.MethodDeclaration.accept0(MethodDeclaration.java:82)
[Mon Oct 31 20:51:17 EDT 2011] [message] at org.eclipse.php.internal.core.ast.nodes.ASTNode.accept(ASTNode.java:275)
[Mon Oct 31 20:51:17 EDT 2011] [message] at org.eclipse.php.internal.core.ast.nodes.Block.childrenAccept(Block.java:97)
[Mon Oct 31 20:51:17 EDT 2011] [message] at org.eclipse.php.internal.core.ast.nodes.Block.accept0(Block.java:90)
[Mon Oct 31 20:51:17 EDT 2011] [message] at org.eclipse.php.internal.core.ast.nodes.ASTNode.accept(ASTNode.java:275)
[Mon Oct 31 20:51:17 EDT 2011] [message] at org.eclipse.php.internal.core.ast.nodes.ClassDeclaration.childrenAccept(ClassDeclaration.java:118)
[Mon Oct 31 20:51:17 EDT 2011] [message] at org.eclipse.php.internal.core.ast.nodes.ClassDeclaration.accept0(ClassDeclaration.java:104)
[Mon Oct 31 20:51:17 EDT 2011] [message] at org.eclipse.php.internal.core.ast.nodes.ASTNode.accept(ASTNode.java:275)
[Mon Oct 31 20:51:17 EDT 2011] [message] at org.eclipse.php.internal.core.ast.nodes.Program.childrenAccept(Program.java:195)
[Mon Oct 31 20:51:17 EDT 2011] [message] at org.eclipse.php.internal.core.ast.nodes.Program.accept0(Program.java:188)
[Mon Oct 31 20:51:17 EDT 2011] [message] at org.eclipse.php.internal.core.ast.nodes.ASTNode.accept(ASTNode.java:275)
[Mon Oct 31 20:51:17 EDT 2011] [message] at org.eclipse.php.internal.ui.editor.highlighter.AbstractSemanticHighlighting.consumes(AbstractSemanticHighlighting.java:92)
[Mon Oct 31 20:51:17 EDT 2011] [message] at org.eclipse.php.internal.ui.editor.highlighter.AbstractSemanticHighlighting.consumes(AbstractSemanticHighlighting.java:101)
[Mon Oct 31 20:51:17 EDT 2011] [message] at org.eclipse.wst.sse.ui.internal.style.SemanticHighlightingReconciler.reconcile(SemanticHighlightingReconciler.java:127)
[Mon Oct 31 20:51:17 EDT 2011] [message] at org.eclipse.wst.sse.ui.internal.reconcile.DocumentRegionProcessor.endProcessing(DocumentRegionProcessor.java:119)
[Mon Oct 31 20:51:17 EDT 2011] [message] at org.eclipse.wst.sse.ui.internal.reconcile.DirtyRegionProcessor$BackgroundThread.run(DirtyRegionProcessor.java:702)
[Mon Oct 31 20:51:17 EDT 2011] [message] org.eclipse.dltk.core.ModelException:   does not exist
[Mon Oct 31 20:51:17 EDT 2011] [message] at org.eclipse.dltk.internal.core.ModelOperation.runOperation(ModelOperation.java:760)
[Mon Oct 31 20:51:17 EDT 2011] [message] at org.eclipse.dltk.internal.core.SourceType.newSupertypeHierarchy(SourceType.java:398)
[Mon Oct 31 20:51:17 EDT 2011] [message] at org.eclipse.dltk.internal.core.SourceType.newSupertypeHierarchy(SourceType.java:368)
[Mon Oct 31 20:51:17 EDT 2011] [message] at org.eclipse.php.internal.core.typeinference.PHPModelUtils.getSuperClasses(PHPModelUtils.java:1201)
[Mon Oct 31 20:51:17 EDT 2011] [message] at org.eclipse.php.internal.core.typeinference.evaluators.ClassVariableDeclarationEvaluator.resolveMagicClassVariableDeclaration(ClassVariableDeclarationEvaluator.java:192)
[Mon Oct 31 20:51:17 EDT 2011] [message] at org.eclipse.php.internal.core.typeinference.evaluators.ClassVariableDeclarationEvaluator.init(ClassVariableDeclarationEvaluator.java:141)
[Mon Oct 31 20:51:17 EDT 2011] [message] at org.eclipse.dltk.ti.GoalEngine.evaluateGoal(GoalEngine.java:220)
[Mon Oct 31 20:51:17 EDT 2011] [message] at org.eclipse.dltk.ti.DefaultTypeInferencer.evaluateType(DefaultTypeInferencer.java:223)
[Mon Oct 31 20:51:17 EDT 2011] [message] at org.eclipse.dltk.ti.DefaultTypeInferencer.evaluateType(DefaultTypeInferencer.java:213)
[Mon Oct 31 20:51:17 EDT 2011] [message] at org.eclipse.php.internal.core.typeinference.BindingUtility.getType(BindingUtility.java:162)
[Mon Oct 31 20:51:17 EDT 2011] [message] at org.eclipse.php.internal.core.typeinference.BindingUtility.getType(BindingUtility.java:188)
[Mon Oct 31 20:51:17 EDT 2011] [message] at org.eclipse.php.internal.core.typeinference.BindingUtility.getType(BindingUtility.java:156)
[Mon Oct 31 20:51:17 EDT 2011] [message] at org.eclipse.php.internal.core.ast.nodes.DefaultBindingResolver.getEvaluatedType(DefaultBindingResolver.java:243)
[Mon Oct 31 20:51:17 EDT 2011] [message] at org.eclipse.php.internal.core.ast.nodes.DefaultBindingResolver.resolveExpressionType(DefaultBindingResolver.java:375)
[Mon Oct 31 20:51:17 EDT 2011] [message] at org.eclipse.php.internal.core.ast.nodes.Expression.resolveTypeBinding(Expression.java:107)
[Mon Oct 31 20:51:17 EDT 2011] [message] at org.eclipse.php.internal.ui.editor.highlighter.ModelUtils.getMethod(ModelUtils.java:43)
[Mon Oct 31 20:51:17 EDT 2011] [message] at org.eclipse.php.internal.ui.editor.highlighters.StaticMethodHighlighting$StaticMethodApply.visit(StaticMethodHighlighting.java:59)
[Mon Oct 31 20:51:17 EDT 2011] [message] at org.eclipse.php.internal.core.ast.nodes.MethodInvocation.accept0(MethodInvocation.java:73)
[Mon Oct 31 20:51:17 EDT 2011] [message] at org.eclipse.php.internal.core.ast.nodes.ASTNode.accept(ASTNode.java:275)
[Mon Oct 31 20:51:17 EDT 2011] [message] at org.eclipse.php.internal.core.ast.nodes.ExpressionStatement.childrenAccept(ExpressionStatement.java:73)
[Mon Oct 31 20:51:17 EDT 2011] [message] at org.eclipse.php.internal.core.ast.nodes.ExpressionStatement.accept0(ExpressionStatement.java:67)
[Mon Oct 31 20:51:17 EDT 2011] [message] at org.eclipse.php.internal.core.ast.nodes.ASTNode.accept(ASTNode.java:275)
[Mon Oct 31 20:51:17 EDT 2011] [message] at org.eclipse.php.internal.core.ast.nodes.Block.childrenAccept(Block.java:97)
[Mon Oct 31 20:51:17 EDT 2011] [message] at org.eclipse.php.internal.core.ast.nodes.Block.accept0(Block.java:90)
[Mon Oct 31 20:51:17 EDT 2011] [message] at org.eclipse.php.internal.core.ast.nodes.ASTNode.accept(ASTNode.java:275)
[Mon Oct 31 20:51:18 EDT 2011] [message] at org.eclipse.php.internal.core.ast.nodes.IfStatement.childrenAccept(IfStatement.java:96)
[Mon Oct 31 20:51:18 EDT 2011] [message] at org.eclipse.php.internal.core.ast.nodes.IfStatement.accept0(IfStatement.java:89)
[Mon Oct 31 20:51:18 EDT 2011] [message] at org.eclipse.php.internal.core.ast.nodes.ASTNode.accept(ASTNode.java:275)
[Mon Oct 31 20:51:18 EDT 2011] [message] at org.eclipse.php.internal.core.ast.nodes.Block.childrenAccept(Block.java:97)
[Mon Oct 31 20:51:18 EDT 2011] [message] at org.eclipse.php.internal.core.ast.nodes.Block.accept0(Block.java:90)
[Mon Oct 31 20:51:18 EDT 2011] [message] at org.eclipse.php.internal.core.ast.nodes.ASTNode.accept(ASTNode.java:275)
[Mon Oct 31 20:51:18 EDT 2011] [message] at org.eclipse.php.internal.core.ast.nodes.FunctionDeclaration.childrenAccept(FunctionDeclaration.java:108)
[Mon Oct 31 20:51:18 EDT 2011] [message] at org.eclipse.php.internal.core.ast.nodes.FunctionDeclaration.accept0(FunctionDeclaration.java:97)
[Mon Oct 31 20:51:18 EDT 2011] [message] at org.eclipse.php.internal.core.ast.nodes.ASTNode.accept(ASTNode.java:275)
[Mon Oct 31 20:51:18 EDT 2011] [message] at org.eclipse.php.internal.core.ast.nodes.MethodDeclaration.childrenAccept(MethodDeclaration.java:90)
[Mon Oct 31 20:51:18 EDT 2011] [message] at org.eclipse.php.internal.core.ast.nodes.MethodDeclaration.accept0(MethodDeclaration.java:82)
[Mon Oct 31 20:51:18 EDT 2011] [message] at org.eclipse.php.internal.core.ast.nodes.ASTNode.accept(ASTNode.java:275)
[Mon Oct 31 20:51:18 EDT 2011] [message] at org.eclipse.php.internal.core.ast.nodes.Block.childrenAccept(Block.java:97)
[Mon Oct 31 20:51:18 EDT 2011] [message] at org.eclipse.php.internal.core.ast.nodes.Block.accept0(Block.java:90)
[Mon Oct 31 20:51:18 EDT 2011] [message] at org.eclipse.php.internal.core.ast.nodes.ASTNode.accept(ASTNode.java:275)
[Mon Oct 31 20:51:18 EDT 2011] [message] at org.eclipse.php.internal.core.ast.nodes.ClassDeclaration.childrenAccept(ClassDeclaration.java:118)
[Mon Oct 31 20:51:18 EDT 2011] [message] at org.eclipse.php.internal.core.ast.nodes.ClassDeclaration.accept0(ClassDeclaration.java:104)
[Mon Oct 31 20:51:18 EDT 2011] [message] at org.eclipse.php.internal.core.ast.nodes.ASTNode.accept(ASTNode.java:275)
[Mon Oct 31 20:51:18 EDT 2011] [message] at org.eclipse.php.internal.core.ast.nodes.Program.childrenAccept(Program.java:195)
[Mon Oct 31 20:51:18 EDT 2011] [message] at org.eclipse.php.internal.core.ast.nodes.Program.accept0(Program.java:188)
[Mon Oct 31 20:51:18 EDT 2011] [message] at org.eclipse.php.internal.core.ast.nodes.ASTNode.accept(ASTNode.java:275)
[Mon Oct 31 20:51:18 EDT 2011] [message] at org.eclipse.php.internal.ui.editor.highlighter.AbstractSemanticHighlighting.consumes(AbstractSemanticHighlighting.java:92)
[Mon Oct 31 20:51:18 EDT 2011] [message] at org.eclipse.php.internal.ui.editor.highlighter.AbstractSemanticHighlighting.consumes(AbstractSemanticHighlighting.java:101)
[Mon Oct 31 20:51:18 EDT 2011] [message] at org.eclipse.wst.sse.ui.internal.style.SemanticHighlightingReconciler.reconcile(SemanticHighlightingReconciler.java:127)
[Mon Oct 31 20:51:18 EDT 2011] [message] at org.eclipse.wst.sse.ui.internal.reconcile.DocumentRegionProcessor.endProcessing(DocumentRegionProcessor.java:119)
[Mon Oct 31 20:51:18 EDT 2011] [message] at org.eclipse.wst.sse.ui.internal.reconcile.DirtyRegionProcessor$BackgroundThread.run(DirtyRegionProcessor.java:702)
[Mon Oct 31 20:51:18 EDT 2011] [message] org.eclipse.dltk.core.ModelException:   does not exist
[Mon Oct 31 20:51:18 EDT 2011] [message] at org.eclipse.dltk.internal.core.ModelOperation.runOperation(ModelOperation.java:760)
[Mon Oct 31 20:51:18 EDT 2011] [message] at org.eclipse.dltk.internal.core.SourceType.newSupertypeHierarchy(SourceType.java:398)
[Mon Oct 31 20:51:18 EDT 2011] [message] at org.eclipse.dltk.internal.core.SourceType.newSupertypeHierarchy(SourceType.java:368)
[Mon Oct 31 20:51:18 EDT 2011] [message] at org.eclipse.php.internal.core.typeinference.PHPModelUtils.getSuperClasses(PHPModelUtils.java:1201)
[Mon Oct 31 20:51:18 EDT 2011] [message] at org.eclipse.php.internal.core.typeinference.evaluators.ClassVariableDeclarationEvaluator.resolveMagicClassVariableDeclaration(ClassVariableDeclarationEvaluator.java:192)
[Mon Oct 31 20:51:18 EDT 2011] [message] at org.eclipse.php.internal.core.typeinference.evaluators.ClassVariableDeclarationEvaluator.init(ClassVariableDeclarationEvaluator.java:141)
[Mon Oct 31 20:51:18 EDT 2011] [message] at org.eclipse.dltk.ti.GoalEngine.evaluateGoal(GoalEngine.java:220)
[Mon Oct 31 20:51:18 EDT 2011] [message] at org.eclipse.dltk.ti.DefaultTypeInferencer.evaluateType(DefaultTypeInferencer.java:223)
[Mon Oct 31 20:51:18 EDT 2011] [message] at org.eclipse.dltk.ti.DefaultTypeInferencer.evaluateType(DefaultTypeInferencer.java:213)
[Mon Oct 31 20:51:18 EDT 2011] [message] at org.eclipse.php.internal.core.typeinference.BindingUtility.getType(BindingUtility.java:162)
[Mon Oct 31 20:51:18 EDT 2011] [message] at org.eclipse.php.internal.core.typeinference.BindingUtility.getType(BindingUtility.java:188)
[Mon Oct 31 20:51:18 EDT 2011] [message] at org.eclipse.php.internal.core.typeinference.BindingUtility.getType(BindingUtility.java:156)
[Mon Oct 31 20:51:18 EDT 2011] [message] at org.eclipse.php.internal.core.ast.nodes.DefaultBindingResolver.getEvaluatedType(DefaultBindingResolver.java:243)
[Mon Oct 31 20:51:18 EDT 2011] [message] at org.eclipse.php.internal.core.ast.nodes.DefaultBindingResolver.resolveExpressionType(DefaultBindingResolver.java:375)
[Mon Oct 31 20:51:18 EDT 2011] [message] at org.eclipse.php.internal.core.ast.nodes.Expression.resolveTypeBinding(Expression.java:107)
[Mon Oct 31 20:51:18 EDT 2011] [message] at org.eclipse.php.internal.ui.editor.highlighter.ModelUtils.getMethod(ModelUtils.java:43)
[Mon Oct 31 20:51:18 EDT 2011] [message] at org.eclipse.php.internal.ui.editor.highlighters.StaticMethodHighlighting$StaticMethodApply.visit(StaticMethodHighlighting.java:59)
[Mon Oct 31 20:51:18 EDT 2011] [message] at org.eclipse.php.internal.core.ast.nodes.MethodInvocation.accept0(MethodInvocation.java:73)
[Mon Oct 31 20:51:18 EDT 2011] [message] at org.eclipse.php.internal.core.ast.nodes.ASTNode.accept(ASTNode.java:275)
[Mon Oct 31 20:51:18 EDT 2011] [message] at org.eclipse.php.internal.core.ast.nodes.IfStatement.childrenAccept(IfStatement.java:95)
[Mon Oct 31 20:51:18 EDT 2011] [message] at org.eclipse.php.internal.core.ast.nodes.IfStatement.accept0(IfStatement.java:89)
[Mon Oct 31 20:51:18 EDT 2011] [message] at org.eclipse.php.internal.core.ast.nodes.ASTNode.accept(ASTNode.java:275)
[Mon Oct 31 20:51:18 EDT 2011] [message] at org.eclipse.php.internal.core.ast.nodes.Block.childrenAccept(Block.java:97)
[Mon Oct 31 20:51:18 EDT 2011] [message] at org.eclipse.php.internal.core.ast.nodes.Block.accept0(Block.java:90)
[Mon Oct 31 20:51:18 EDT 2011] [message] at org.eclipse.php.internal.core.ast.nodes.ASTNode.accept(ASTNode.java:275)
[Mon Oct 31 20:51:18 EDT 2011] [message] at org.eclipse.php.internal.core.ast.nodes.IfStatement.childrenAccept(IfStatement.java:96)
[Mon Oct 31 20:51:18 EDT 2011] [message] at org.eclipse.php.internal.core.ast.nodes.IfStatement.accept0(IfStatement.java:89)
[Mon Oct 31 20:51:18 EDT 2011] [message] at org.eclipse.php.internal.core.ast.nodes.ASTNode.accept(ASTNode.java:275)
[Mon Oct 31 20:51:18 EDT 2011] [message] at org.eclipse.php.internal.core.ast.nodes.Block.childrenAccept(Block.java:97)
[Mon Oct 31 20:51:18 EDT 2011] [message] at org.eclipse.php.internal.core.ast.nodes.Block.accept0(Block.java:90)
[Mon Oct 31 20:51:18 EDT 2011] [message] at org.eclipse.php.internal.core.ast.nodes.ASTNode.accept(ASTNode.java:275)
[Mon Oct 31 20:51:18 EDT 2011] [message] at org.eclipse.php.internal.core.ast.nodes.FunctionDeclaration.childrenAccept(FunctionDeclaration.java:108)
[Mon Oct 31 20:51:18 EDT 2011] [message] at org.eclipse.php.internal.core.ast.nodes.FunctionDeclaration.accept0(FunctionDeclaration.java:97)
[Mon Oct 31 20:51:18 EDT 2011] [message] at org.eclipse.php.internal.core.ast.nodes.ASTNode.accept(ASTNode.java:275)
[Mon Oct 31 20:51:18 EDT 2011] [message] at org.eclipse.php.internal.core.ast.nodes.MethodDeclaration.childrenAccept(MethodDeclaration.java:90)
[Mon Oct 31 20:51:18 EDT 2011] [message] at org.eclipse.php.internal.core.ast.nodes.MethodDeclaration.accept0(MethodDeclaration.java:82)
[Mon Oct 31 20:51:18 EDT 2011] [message] at org.eclipse.php.internal.core.ast.nodes.ASTNode.accept(ASTNode.java:275)
[Mon Oct 31 20:51:18 EDT 2011] [message] at org.eclipse.php.internal.core.ast.nodes.Block.childrenAccept(Block.java:97)
[Mon Oct 31 20:51:18 EDT 2011] [message] at org.eclipse.php.internal.core.ast.nodes.Block.accept0(Block.java:90)
[Mon Oct 31 20:51:18 EDT 2011] [message] at org.eclipse.php.internal.core.ast.nodes.ASTNode.accept(ASTNode.java:275)
[Mon Oct 31 20:51:18 EDT 2011] [message] at org.eclipse.php.internal.core.ast.nodes.ClassDeclaration.childrenAccept(ClassDeclaration.java:118)
[Mon Oct 31 20:51:18 EDT 2011] [message] at org.eclipse.php.internal.core.ast.nodes.ClassDeclaration.accept0(ClassDeclaration.java:104)
[Mon Oct 31 20:51:18 EDT 2011] [message] at org.eclipse.php.internal.core.ast.nodes.ASTNode.accept(ASTNode.java:275)
[Mon Oct 31 20:51:18 EDT 2011] [message] at org.eclipse.php.internal.core.ast.nodes.Program.childrenAccept(Program.java:195)
[Mon Oct 31 20:51:18 EDT 2011] [message] at org.eclipse.php.internal.core.ast.nodes.Program.accept0(Program.java:188)
[Mon Oct 31 20:51:18 EDT 2011] [message] at org.eclipse.php.internal.core.ast.nodes.ASTNode.accept(ASTNode.java:275)
[Mon Oct 31 20:51:18 EDT 2011] [message] at org.eclipse.php.internal.ui.editor.highlighter.AbstractSemanticHighlighting.consumes(AbstractSemanticHighlighting.java:92)
[Mon Oct 31 20:51:18 EDT 2011] [message] at org.eclipse.php.internal.ui.editor.highlighter.AbstractSemanticHighlighting.consumes(AbstractSemanticHighlighting.java:101)
[Mon Oct 31 20:51:18 EDT 2011] [message] at org.eclipse.wst.sse.ui.internal.style.SemanticHighlightingReconciler.reconcile(SemanticHighlightingReconciler.java:127)
[Mon Oct 31 20:51:18 EDT 2011] [message] at org.eclipse.wst.sse.ui.internal.reconcile.DocumentRegionProcessor.endProcessing(DocumentRegionProcessor.java:119)
[Mon Oct 31 20:51:18 EDT 2011] [message] at org.eclipse.wst.sse.ui.internal.reconcile.DirtyRegionProcessor$BackgroundThread.run(DirtyRegionProcessor.java:702)
[Mon Oct 31 20:51:18 EDT 2011] [message] org.eclipse.dltk.core.ModelException:   does not exist
[Mon Oct 31 20:51:18 EDT 2011] [message] at org.eclipse.dltk.internal.core.ModelOperation.runOperation(ModelOperation.java:760)
[Mon Oct 31 20:51:18 EDT 2011] [message] at org.eclipse.dltk.internal.core.SourceType.newSupertypeHierarchy(SourceType.java:398)
[Mon Oct 31 20:51:18 EDT 2011] [message] at org.eclipse.dltk.internal.core.SourceType.newSupertypeHierarchy(SourceType.java:368)
[Mon Oct 31 20:51:18 EDT 2011] [message] at org.eclipse.php.internal.core.typeinference.PHPModelUtils.getSuperClasses(PHPModelUtils.java:1201)
[Mon Oct 31 20:51:18 EDT 2011] [message] at org.eclipse.php.internal.core.typeinference.evaluators.ClassVariableDeclarationEvaluator.resolveMagicClassVariableDeclaration(ClassVariableDeclarationEvaluator.java:192)
[Mon Oct 31 20:51:18 EDT 2011] [message] at org.eclipse.php.internal.core.typeinference.evaluators.ClassVariableDeclarationEvaluator.init(ClassVariableDeclarationEvaluator.java:141)
[Mon Oct 31 20:51:18 EDT 2011] [message] at org.eclipse.dltk.ti.GoalEngine.evaluateGoal(GoalEngine.java:220)
[Mon Oct 31 20:51:18 EDT 2011] [message] at org.eclipse.dltk.ti.DefaultTypeInferencer.evaluateType(DefaultTypeInferencer.java:223)
[Mon Oct 31 20:51:18 EDT 2011] [message] at org.eclipse.dltk.ti.DefaultTypeInferencer.evaluateType(DefaultTypeInferencer.java:213)
[Mon Oct 31 20:51:18 EDT 2011] [message] at org.eclipse.php.internal.core.typeinference.BindingUtility.getType(BindingUtility.java:162)
[Mon Oct 31 20:51:18 EDT 2011] [message] at org.eclipse.php.internal.core.typeinference.BindingUtility.getType(BindingUtility.java:188)
[Mon Oct 31 20:51:18 EDT 2011] [message] at org.eclipse.php.internal.core.typeinference.BindingUtility.getType(BindingUtility.java:156)
[Mon Oct 31 20:51:18 EDT 2011] [message] at org.eclipse.php.internal.core.ast.nodes.DefaultBindingResolver.getEvaluatedType(DefaultBindingResolver.java:243)
[Mon Oct 31 20:51:18 EDT 2011] [message] at org.eclipse.php.internal.core.ast.nodes.DefaultBindingResolver.resolveExpressionType(DefaultBindingResolver.java:375)
[Mon Oct 31 20:51:18 EDT 2011] [message] at org.eclipse.php.internal.core.ast.nodes.Expression.resolveTypeBinding(Expression.java:107)
[Mon Oct 31 20:51:18 EDT 2011] [message] at org.eclipse.php.internal.ui.editor.highlighter.ModelUtils.getMethod(ModelUtils.java:43)
[Mon Oct 31 20:51:18 EDT 2011] [message] at org.eclipse.php.internal.ui.editor.highlighters.StaticMethodHighlighting$StaticMethodApply.visit(StaticMethodHighlighting.java:59)
[Mon Oct 31 20:51:18 EDT 2011] [message] at org.eclipse.php.internal.core.ast.nodes.MethodInvocation.accept0(MethodInvocation.java:73)
[Mon Oct 31 20:51:18 EDT 2011] [message] at org.eclipse.php.internal.core.ast.nodes.ASTNode.accept(ASTNode.java:275)
[Mon Oct 31 20:51:18 EDT 2011] [message] at org.eclipse.php.internal.core.ast.nodes.ExpressionStatement.childrenAccept(ExpressionStatement.java:73)
[Mon Oct 31 20:51:18 EDT 2011] [message] at org.eclipse.php.internal.core.ast.nodes.ExpressionStatement.accept0(ExpressionStatement.java:67)
[Mon Oct 31 20:51:18 EDT 2011] [message] at org.eclipse.php.internal.core.ast.nodes.ASTNode.accept(ASTNode.java:275)
[Mon Oct 31 20:51:18 EDT 2011] [message] at org.eclipse.php.internal.core.ast.nodes.Block.childrenAccept(Block.java:97)
[Mon Oct 31 20:51:18 EDT 2011] [message] at org.eclipse.php.internal.core.ast.nodes.Block.accept0(Block.java:90)
[Mon Oct 31 20:51:18 EDT 2011] [message] at org.eclipse.php.internal.core.ast.nodes.ASTNode.accept(ASTNode.java:275)
[Mon Oct 31 20:51:18 EDT 2011] [message] at org.eclipse.php.internal.core.ast.nodes.IfStatement.childrenAccept(IfStatement.java:96)
[Mon Oct 31 20:51:18 EDT 2011] [message] at org.eclipse.php.internal.core.ast.nodes.IfStatement.accept0(IfStatement.java:89)
[Mon Oct 31 20:51:18 EDT 2011] [message] at org.eclipse.php.internal.core.ast.nodes.ASTNode.accept(ASTNode.java:275)
[Mon Oct 31 20:51:18 EDT 2011] [message] at org.eclipse.php.internal.core.ast.nodes.Block.childrenAccept(Block.java:97)
[Mon Oct 31 20:51:18 EDT 2011] [message] at org.eclipse.php.internal.core.ast.nodes.Block.accept0(Block.java:90)
[Mon Oct 31 20:51:18 EDT 2011] [message] at org.eclipse.php.internal.core.ast.nodes.ASTNode.accept(ASTNode.java:275)
[Mon Oct 31 20:51:18 EDT 2011] [message] at org.eclipse.php.internal.core.ast.nodes.IfStatement.childrenAccept(IfStatement.java:96)
[Mon Oct 31 20:51:18 EDT 2011] [message] at org.eclipse.php.internal.core.ast.nodes.IfStatement.accept0(IfStatement.java:89)
[Mon Oct 31 20:51:18 EDT 2011] [message] at org.eclipse.php.internal.core.ast.nodes.ASTNode.accept(ASTNode.java:275)
[Mon Oct 31 20:51:18 EDT 2011] [message] at org.eclipse.php.internal.core.ast.nodes.Block.childrenAccept(Block.java:97)
[Mon Oct 31 20:51:18 EDT 2011] [message] at org.eclipse.php.internal.core.ast.nodes.Block.accept0(Block.java:90)
[Mon Oct 31 20:51:18 EDT 2011] [message] at org.eclipse.php.internal.core.ast.nodes.ASTNode.accept(ASTNode.java:275)
[Mon Oct 31 20:51:18 EDT 2011] [message] at org.eclipse.php.internal.core.ast.nodes.FunctionDeclaration.childrenAccept(FunctionDeclaration.java:108)
[Mon Oct 31 20:51:18 EDT 2011] [message] at org.eclipse.php.internal.core.ast.nodes.FunctionDeclaration.accept0(FunctionDeclaration.java:97)
[Mon Oct 31 20:51:18 EDT 2011] [message] at org.eclipse.php.internal.core.ast.nodes.ASTNode.accept(ASTNode.java:275)
[Mon Oct 31 20:51:18 EDT 2011] [message] at org.eclipse.php.internal.core.ast.nodes.MethodDeclaration.childrenAccept(MethodDeclaration.java:90)
[Mon Oct 31 20:51:18 EDT 2011] [message] at org.eclipse.php.internal.core.ast.nodes.MethodDeclaration.accept0(MethodDeclaration.java:82)
[Mon Oct 31 20:51:18 EDT 2011] [message] at org.eclipse.php.internal.core.ast.nodes.ASTNode.accept(ASTNode.java:275)
[Mon Oct 31 20:51:18 EDT 2011] [message] at org.eclipse.php.internal.core.ast.nodes.Block.childrenAccept(Block.java:97)
[Mon Oct 31 20:51:18 EDT 2011] [message] at org.eclipse.php.internal.core.ast.nodes.Block.accept0(Block.java:90)
[Mon Oct 31 20:51:18 EDT 2011] [message] at org.eclipse.php.internal.core.ast.nodes.ASTNode.accept(ASTNode.java:275)
[Mon Oct 31 20:51:18 EDT 2011] [message] at org.eclipse.php.internal.core.ast.nodes.ClassDeclaration.childrenAccept(ClassDeclaration.java:118)
[Mon Oct 31 20:51:18 EDT 2011] [message] at org.eclipse.php.internal.core.ast.nodes.ClassDeclaration.accept0(ClassDeclaration.java:104)
[Mon Oct 31 20:51:18 EDT 2011] [message] at org.eclipse.php.internal.core.ast.nodes.ASTNode.accept(ASTNode.java:275)
[Mon Oct 31 20:51:18 EDT 2011] [message] at org.eclipse.php.internal.core.ast.nodes.Program.childrenAccept(Program.java:195)
[Mon Oct 31 20:51:18 EDT 2011] [message] at org.eclipse.php.internal.core.ast.nodes.Program.accept0(Program.java:188)
[Mon Oct 31 20:51:18 EDT 2011] [message] at org.eclipse.php.internal.core.ast.nodes.ASTNode.accept(ASTNode.java:275)
[Mon Oct 31 20:51:18 EDT 2011] [message] at org.eclipse.php.internal.ui.editor.highlighter.AbstractSemanticHighlighting.consumes(AbstractSemanticHighlighting.java:92)
[Mon Oct 31 20:51:18 EDT 2011] [message] at org.eclipse.php.internal.ui.editor.highlighter.AbstractSemanticHighlighting.consumes(AbstractSemanticHighlighting.java:101)
[Mon Oct 31 20:51:18 EDT 2011] [message] at org.eclipse.wst.sse.ui.internal.style.SemanticHighlightingReconciler.reconcile(SemanticHighlightingReconciler.java:127)
[Mon Oct 31 20:51:18 EDT 2011] [message] at org.eclipse.wst.sse.ui.internal.reconcile.DocumentRegionProcessor.endProcessing(DocumentRegionProcessor.java:119)
[Mon Oct 31 20:51:18 EDT 2011] [message] at org.eclipse.wst.sse.ui.internal.reconcile.DirtyRegionProcessor$BackgroundThread.run(DirtyRegionProcessor.java:702)
[Mon Oct 31 20:51:18 EDT 2011] [message] org.eclipse.dltk.core.ModelException:   does not exist
[Mon Oct 31 20:51:18 EDT 2011] [message] at org.eclipse.dltk.internal.core.ModelOperation.runOperation(ModelOperation.java:760)
[Mon Oct 31 20:51:18 EDT 2011] [message] at org.eclipse.dltk.internal.core.SourceType.newSupertypeHierarchy(SourceType.java:398)
[Mon Oct 31 20:51:18 EDT 2011] [message] at org.eclipse.dltk.internal.core.SourceType.newSupertypeHierarchy(SourceType.java:368)
[Mon Oct 31 20:51:18 EDT 2011] [message] at org.eclipse.php.internal.core.typeinference.PHPModelUtils.getSuperClasses(PHPModelUtils.java:1201)
[Mon Oct 31 20:51:18 EDT 2011] [message] at org.eclipse.php.internal.core.typeinference.evaluators.ClassVariableDeclarationEvaluator.resolveMagicClassVariableDeclaration(ClassVariableDeclarationEvaluator.java:192)
[Mon Oct 31 20:51:18 EDT 2011] [message] at org.eclipse.php.internal.core.typeinference.evaluators.ClassVariableDeclarationEvaluator.init(ClassVariableDeclarationEvaluator.java:141)
[Mon Oct 31 20:51:18 EDT 2011] [message] at org.eclipse.dltk.ti.GoalEngine.evaluateGoal(GoalEngine.java:220)
[Mon Oct 31 20:51:18 EDT 2011] [message] at org.eclipse.dltk.ti.DefaultTypeInferencer.evaluateType(DefaultTypeInferencer.java:223)
[Mon Oct 31 20:51:18 EDT 2011] [message] at org.eclipse.dltk.ti.DefaultTypeInferencer.evaluateType(DefaultTypeInferencer.java:213)
[Mon Oct 31 20:51:18 EDT 2011] [message] at org.eclipse.php.internal.core.typeinference.BindingUtility.getType(BindingUtility.java:162)
[Mon Oct 31 20:51:18 EDT 2011] [message] at org.eclipse.php.internal.core.typeinference.BindingUtility.getType(BindingUtility.java:188)
[Mon Oct 31 20:51:18 EDT 2011] [message] at org.eclipse.php.internal.core.typeinference.BindingUtility.getType(BindingUtility.java:156)
[Mon Oct 31 20:51:18 EDT 2011] [message] at org.eclipse.php.internal.core.ast.nodes.DefaultBindingResolver.getEvaluatedType(DefaultBindingResolver.java:243)
[Mon Oct 31 20:51:18 EDT 2011] [message] at org.eclipse.php.internal.core.ast.nodes.DefaultBindingResolver.resolveExpressionType(DefaultBindingResolver.java:375)
[Mon Oct 31 20:51:18 EDT 2011] [message] at org.eclipse.php.internal.core.ast.nodes.Expression.resolveTypeBinding(Expression.java:107)
[Mon Oct 31 20:51:18 EDT 2011] [message] at org.eclipse.php.internal.ui.editor.highlighter.ModelUtils.getMethod(ModelUtils.java:43)
[Mon Oct 31 20:51:18 EDT 2011] [message] at org.eclipse.php.internal.ui.editor.highlighters.StaticMethodHighlighting$StaticMethodApply.visit(StaticMethodHighlighting.java:59)
[Mon Oct 31 20:51:18 EDT 2011] [message] at org.eclipse.php.internal.core.ast.nodes.MethodInvocation.accept0(MethodInvocation.java:73)
[Mon Oct 31 20:51:18 EDT 2011] [message] at org.eclipse.php.internal.core.ast.nodes.ASTNode.accept(ASTNode.java:275)
[Mon Oct 31 20:51:18 EDT 2011] [message] at org.eclipse.php.internal.core.ast.nodes.ExpressionStatement.childrenAccept(ExpressionStatement.java:73)
[Mon Oct 31 20:51:18 EDT 2011] [message] at org.eclipse.php.internal.core.ast.nodes.ExpressionStatement.accept0(ExpressionStatement.java:67)
[Mon Oct 31 20:51:18 EDT 2011] [message] at org.eclipse.php.internal.core.ast.nodes.ASTNode.accept(ASTNode.java:275)
[Mon Oct 31 20:51:18 EDT 2011] [message] at org.eclipse.php.internal.core.ast.nodes.Block.childrenAccept(Block.java:97)
[Mon Oct 31 20:51:18 EDT 2011] [message] at org.eclipse.php.internal.core.ast.nodes.Block.accept0(Block.java:90)
[Mon Oct 31 20:51:18 EDT 2011] [message] at org.eclipse.php.internal.core.ast.nodes.ASTNode.accept(ASTNode.java:275)
[Mon Oct 31 20:51:18 EDT 2011] [message] at org.eclipse.php.internal.core.ast.nodes.IfStatement.childrenAccept(IfStatement.java:98)
[Mon Oct 31 20:51:18 EDT 2011] [message] at org.eclipse.php.internal.core.ast.nodes.IfStatement.accept0(IfStatement.java:89)
[Mon Oct 31 20:51:18 EDT 2011] [message] at org.eclipse.php.internal.core.ast.nodes.ASTNode.accept(ASTNode.java:275)
[Mon Oct 31 20:51:18 EDT 2011] [message] at org.eclipse.php.internal.core.ast.nodes.Block.childrenAccept(Block.java:97)
[Mon Oct 31 20:51:18 EDT 2011] [message] at org.eclipse.php.internal.core.ast.nodes.Block.accept0(Block.java:90)
[Mon Oct 31 20:51:18 EDT 2011] [message] at org.eclipse.php.internal.core.ast.nodes.ASTNode.accept(ASTNode.java:275)
[Mon Oct 31 20:51:18 EDT 2011] [message] at org.eclipse.php.internal.core.ast.nodes.IfStatement.childrenAccept(IfStatement.java:96)
[Mon Oct 31 20:51:18 EDT 2011] [message] at org.eclipse.php.internal.core.ast.nodes.IfStatement.accept0(IfStatement.java:89)
[Mon Oct 31 20:51:18 EDT 2011] [message] at org.eclipse.php.internal.core.ast.nodes.ASTNode.accept(ASTNode.java:275)
[Mon Oct 31 20:51:18 EDT 2011] [message] at org.eclipse.php.internal.core.ast.nodes.Block.childrenAccept(Block.java:97)
[Mon Oct 31 20:51:18 EDT 2011] [message] at org.eclipse.php.internal.core.ast.nodes.Block.accept0(Block.java:90)
[Mon Oct 31 20:51:18 EDT 2011] [message] at org.eclipse.php.internal.core.ast.nodes.ASTNode.accept(ASTNode.java:275)
[Mon Oct 31 20:51:18 EDT 2011] [message] at org.eclipse.php.internal.core.ast.nodes.FunctionDeclaration.childrenAccept(FunctionDeclaration.java:108)
[Mon Oct 31 20:51:18 EDT 2011] [message] at org.eclipse.php.internal.core.ast.nodes.FunctionDeclaration.accept0(FunctionDeclaration.java:97)
[Mon Oct 31 20:51:18 EDT 2011] [message] at org.eclipse.php.internal.core.ast.nodes.ASTNode.accept(ASTNode.java:275)
[Mon Oct 31 20:51:18 EDT 2011] [message] at org.eclipse.php.internal.core.ast.nodes.MethodDeclaration.childrenAccept(MethodDeclaration.java:90)
[Mon Oct 31 20:51:18 EDT 2011] [message] at org.eclipse.php.internal.core.ast.nodes.MethodDeclaration.accept0(MethodDeclaration.java:82)
[Mon Oct 31 20:51:18 EDT 2011] [message] at org.eclipse.php.internal.core.ast.nodes.ASTNode.accept(ASTNode.java:275)
[Mon Oct 31 20:51:18 EDT 2011] [message] at org.eclipse.php.internal.core.ast.nodes.Block.childrenAccept(Block.java:97)
[Mon Oct 31 20:51:18 EDT 2011] [message] at org.eclipse.php.internal.core.ast.nodes.Block.accept0(Block.java:90)
[Mon Oct 31 20:51:18 EDT 2011] [message] at org.eclipse.php.internal.core.ast.nodes.ASTNode.accept(ASTNode.java:275)
[Mon Oct 31 20:51:18 EDT 2011] [message] at org.eclipse.php.internal.core.ast.nodes.ClassDeclaration.childrenAccept(ClassDeclaration.java:118)
[Mon Oct 31 20:51:18 EDT 2011] [message] at org.eclipse.php.internal.core.ast.nodes.ClassDeclaration.accept0(ClassDeclaration.java:104)
[Mon Oct 31 20:51:18 EDT 2011] [message] at org.eclipse.php.internal.core.ast.nodes.ASTNode.accept(ASTNode.java:275)
[Mon Oct 31 20:51:18 EDT 2011] [message] at org.eclipse.php.internal.core.ast.nodes.Program.childrenAccept(Program.java:195)
[Mon Oct 31 20:51:18 EDT 2011] [message] at org.eclipse.php.internal.core.ast.nodes.Program.accept0(Program.java:188)
[Mon Oct 31 20:51:18 EDT 2011] [message] at org.eclipse.php.internal.core.ast.nodes.ASTNode.accept(ASTNode.java:275)
[Mon Oct 31 20:51:18 EDT 2011] [message] at org.eclipse.php.internal.ui.editor.highlighter.AbstractSemanticHighlighting.consumes(AbstractSemanticHighlighting.java:92)
[Mon Oct 31 20:51:18 EDT 2011] [message] at org.eclipse.php.internal.ui.editor.highlighter.AbstractSemanticHighlighting.consumes(AbstractSemanticHighlighting.java:101)
[Mon Oct 31 20:51:18 EDT 2011] [message] at org.eclipse.wst.sse.ui.internal.style.SemanticHighlightingReconciler.reconcile(SemanticHighlightingReconciler.java:127)
[Mon Oct 31 20:51:18 EDT 2011] [message] at org.eclipse.wst.sse.ui.internal.reconcile.DocumentRegionProcessor.endProcessing(DocumentRegionProcessor.java:119)
[Mon Oct 31 20:51:18 EDT 2011] [message] at org.eclipse.wst.sse.ui.internal.reconcile.DirtyRegionProcessor$BackgroundThread.run(DirtyRegionProcessor.java:702)
[Mon Oct 31 20:51:18 EDT 2011] [message] org.eclipse.dltk.core.ModelException:   does not exist
[Mon Oct 31 20:51:18 EDT 2011] [message] at org.eclipse.dltk.internal.core.ModelOperation.runOperation(ModelOperation.java:760)
[Mon Oct 31 20:51:18 EDT 2011] [message] at org.eclipse.dltk.internal.core.SourceType.newSupertypeHierarchy(SourceType.java:398)
[Mon Oct 31 20:51:18 EDT 2011] [message] at org.eclipse.dltk.internal.core.SourceType.newSupertypeHierarchy(SourceType.java:368)
[Mon Oct 31 20:51:18 EDT 2011] [message] at org.eclipse.php.internal.core.typeinference.PHPModelUtils.getSuperClasses(PHPModelUtils.java:1201)
[Mon Oct 31 20:51:18 EDT 2011] [message] at org.eclipse.php.internal.core.typeinference.evaluators.ClassVariableDeclarationEvaluator.resolveMagicClassVariableDeclaration(ClassVariableDeclarationEvaluator.java:192)
[Mon Oct 31 20:51:18 EDT 2011] [message] at org.eclipse.php.internal.core.typeinference.evaluators.ClassVariableDeclarationEvaluator.init(ClassVariableDeclarationEvaluator.java:141)
[Mon Oct 31 20:51:18 EDT 2011] [message] at org.eclipse.dltk.ti.GoalEngine.evaluateGoal(GoalEngine.java:220)
[Mon Oct 31 20:51:18 EDT 2011] [message] at org.eclipse.dltk.ti.DefaultTypeInferencer.evaluateType(DefaultTypeInferencer.java:223)
[Mon Oct 31 20:51:18 EDT 2011] [message] at org.eclipse.dltk.ti.DefaultTypeInferencer.evaluateType(DefaultTypeInferencer.java:213)
[Mon Oct 31 20:51:18 EDT 2011] [message] at org.eclipse.php.internal.core.typeinference.BindingUtility.getType(BindingUtility.java:162)
[Mon Oct 31 20:51:18 EDT 2011] [message] at org.eclipse.php.internal.core.typeinference.BindingUtility.getType(BindingUtility.java:188)
[Mon Oct 31 20:51:18 EDT 2011] [message] at org.eclipse.php.internal.core.typeinference.BindingUtility.getType(BindingUtility.java:156)
[Mon Oct 31 20:51:18 EDT 2011] [message] at org.eclipse.php.internal.core.ast.nodes.DefaultBindingResolver.getEvaluatedType(DefaultBindingResolver.java:243)
[Mon Oct 31 20:51:18 EDT 2011] [message] at org.eclipse.php.internal.core.ast.nodes.DefaultBindingResolver.resolveExpressionType(DefaultBindingResolver.java:375)
[Mon Oct 31 20:51:18 EDT 2011] [message] at org.eclipse.php.internal.core.ast.nodes.Expression.resolveTypeBinding(Expression.java:107)
[Mon Oct 31 20:51:18 EDT 2011] [message] at org.eclipse.php.internal.ui.editor.highlighter.ModelUtils.getMethod(ModelUtils.java:43)
[Mon Oct 31 20:51:18 EDT 2011] [message] at org.eclipse.php.internal.ui.editor.highlighters.StaticMethodHighlighting$StaticMethodApply.visit(StaticMethodHighlighting.java:59)
[Mon Oct 31 20:51:18 EDT 2011] [message] at org.eclipse.php.internal.core.ast.nodes.MethodInvocation.accept0(MethodInvocation.java:73)
[Mon Oct 31 20:51:18 EDT 2011] [message] at org.eclipse.php.internal.core.ast.nodes.ASTNode.accept(ASTNode.java:275)
[Mon Oct 31 20:51:18 EDT 2011] [message] at org.eclipse.php.internal.core.ast.nodes.Assignment.childrenAccept(Assignment.java:130)
[Mon Oct 31 20:51:19 EDT 2011] [message] at org.eclipse.php.internal.core.ast.nodes.Assignment.accept0(Assignment.java:159)
[Mon Oct 31 20:51:19 EDT 2011] [message] at org.eclipse.php.internal.core.ast.nodes.ASTNode.accept(ASTNode.java:275)
[Mon Oct 31 20:51:19 EDT 2011] [message] at org.eclipse.php.internal.core.ast.nodes.ExpressionStatement.childrenAccept(ExpressionStatement.java:73)
[Mon Oct 31 20:51:19 EDT 2011] [message] at org.eclipse.php.internal.core.ast.nodes.ExpressionStatement.accept0(ExpressionStatement.java:67)
[Mon Oct 31 20:51:19 EDT 2011] [message] at org.eclipse.php.internal.core.ast.nodes.ASTNode.accept(ASTNode.java:275)
[Mon Oct 31 20:51:19 EDT 2011] [message] at org.eclipse.php.internal.core.ast.nodes.Block.childrenAccept(Block.java:97)
[Mon Oct 31 20:51:19 EDT 2011] [message] at org.eclipse.php.internal.core.ast.nodes.Block.accept0(Block.java:90)
[Mon Oct 31 20:51:19 EDT 2011] [message] at org.eclipse.php.internal.core.ast.nodes.ASTNode.accept(ASTNode.java:275)
[Mon Oct 31 20:51:19 EDT 2011] [message] at org.eclipse.php.internal.core.ast.nodes.IfStatement.childrenAccept(IfStatement.java:96)
[Mon Oct 31 20:51:19 EDT 2011] [message] at org.eclipse.php.internal.core.ast.nodes.IfStatement.accept0(IfStatement.java:89)
[Mon Oct 31 20:51:19 EDT 2011] [message] at org.eclipse.php.internal.core.ast.nodes.ASTNode.accept(ASTNode.java:275)
[Mon Oct 31 20:51:19 EDT 2011] [message] at org.eclipse.php.internal.core.ast.nodes.Block.childrenAccept(Block.java:97)
[Mon Oct 31 20:51:19 EDT 2011] [message] at org.eclipse.php.internal.core.ast.nodes.Block.accept0(Block.java:90)
[Mon Oct 31 20:51:19 EDT 2011] [message] at org.eclipse.php.internal.core.ast.nodes.ASTNode.accept(ASTNode.java:275)
[Mon Oct 31 20:51:19 EDT 2011] [message] at org.eclipse.php.internal.core.ast.nodes.FunctionDeclaration.childrenAccept(FunctionDeclaration.java:108)
[Mon Oct 31 20:51:19 EDT 2011] [message] at org.eclipse.php.internal.core.ast.nodes.FunctionDeclaration.accept0(FunctionDeclaration.java:97)
[Mon Oct 31 20:51:19 EDT 2011] [message] at org.eclipse.php.internal.core.ast.nodes.ASTNode.accept(ASTNode.java:275)
[Mon Oct 31 20:51:19 EDT 2011] [message] at org.eclipse.php.internal.core.ast.nodes.MethodDeclaration.childrenAccept(MethodDeclaration.java:90)
[Mon Oct 31 20:51:19 EDT 2011] [message] at org.eclipse.php.internal.core.ast.nodes.MethodDeclaration.accept0(MethodDeclaration.java:82)
[Mon Oct 31 20:51:19 EDT 2011] [message] at org.eclipse.php.internal.core.ast.nodes.ASTNode.accept(ASTNode.java:275)
[Mon Oct 31 20:51:19 EDT 2011] [message] at org.eclipse.php.internal.core.ast.nodes.Block.childrenAccept(Block.java:97)
[Mon Oct 31 20:51:19 EDT 2011] [message] at org.eclipse.php.internal.core.ast.nodes.Block.accept0(Block.java:90)
[Mon Oct 31 20:51:19 EDT 2011] [message] at org.eclipse.php.internal.core.ast.nodes.ASTNode.accept(ASTNode.java:275)
[Mon Oct 31 20:51:19 EDT 2011] [message] at org.eclipse.php.internal.core.ast.nodes.ClassDeclaration.childrenAccept(ClassDeclaration.java:118)
[Mon Oct 31 20:51:19 EDT 2011] [message] at org.eclipse.php.internal.core.ast.nodes.ClassDeclaration.accept0(ClassDeclaration.java:104)
[Mon Oct 31 20:51:19 EDT 2011] [message] at org.eclipse.php.internal.core.ast.nodes.ASTNode.accept(ASTNode.java:275)
[Mon Oct 31 20:51:19 EDT 2011] [message] at org.eclipse.php.internal.core.ast.nodes.Program.childrenAccept(Program.java:195)
[Mon Oct 31 20:51:19 EDT 2011] [message] at org.eclipse.php.internal.core.ast.nodes.Program.accept0(Program.java:188)
[Mon Oct 31 20:51:19 EDT 2011] [message] at org.eclipse.php.internal.core.ast.nodes.ASTNode.accept(ASTNode.java:275)
[Mon Oct 31 20:51:19 EDT 2011] [message] at org.eclipse.php.internal.ui.editor.highlighter.AbstractSemanticHighlighting.consumes(AbstractSemanticHighlighting.java:92)
[Mon Oct 31 20:51:19 EDT 2011] [message] at org.eclipse.php.internal.ui.editor.highlighter.AbstractSemanticHighlighting.consumes(AbstractSemanticHighlighting.java:101)
[Mon Oct 31 20:51:19 EDT 2011] [message] at org.eclipse.wst.sse.ui.internal.style.SemanticHighlightingReconciler.reconcile(SemanticHighlightingReconciler.java:127)
[Mon Oct 31 20:51:19 EDT 2011] [message] at org.eclipse.wst.sse.ui.internal.reconcile.DocumentRegionProcessor.endProcessing(DocumentRegionProcessor.java:119)
[Mon Oct 31 20:51:19 EDT 2011] [message] at org.eclipse.wst.sse.ui.internal.reconcile.DirtyRegionProcessor$BackgroundThread.run(DirtyRegionProcessor.java:702)
[Mon Oct 31 20:51:19 EDT 2011] [message] org.eclipse.dltk.core.ModelException:   does not exist
[Mon Oct 31 20:51:19 EDT 2011] [message] at org.eclipse.dltk.internal.core.ModelOperation.runOperation(ModelOperation.java:760)
[Mon Oct 31 20:51:19 EDT 2011] [message] at org.eclipse.dltk.internal.core.SourceType.newSupertypeHierarchy(SourceType.java:398)
[Mon Oct 31 20:51:19 EDT 2011] [message] at org.eclipse.dltk.internal.core.SourceType.newSupertypeHierarchy(SourceType.java:368)
[Mon Oct 31 20:51:19 EDT 2011] [message] at org.eclipse.php.internal.core.typeinference.PHPModelUtils.getSuperClasses(PHPModelUtils.java:1201)
[Mon Oct 31 20:51:19 EDT 2011] [message] at org.eclipse.php.internal.core.typeinference.evaluators.ClassVariableDeclarationEvaluator.resolveMagicClassVariableDeclaration(ClassVariableDeclarationEvaluator.java:192)
[Mon Oct 31 20:51:19 EDT 2011] [message] at org.eclipse.php.internal.core.typeinference.evaluators.ClassVariableDeclarationEvaluator.init(ClassVariableDeclarationEvaluator.java:141)
[Mon Oct 31 20:51:19 EDT 2011] [message] at org.eclipse.dltk.ti.GoalEngine.evaluateGoal(GoalEngine.java:220)
[Mon Oct 31 20:51:19 EDT 2011] [message] at org.eclipse.dltk.ti.DefaultTypeInferencer.evaluateType(DefaultTypeInferencer.java:223)
[Mon Oct 31 20:51:19 EDT 2011] [message] at org.eclipse.dltk.ti.DefaultTypeInferencer.evaluateType(DefaultTypeInferencer.java:213)
[Mon Oct 31 20:51:19 EDT 2011] [message] at org.eclipse.php.internal.core.typeinference.BindingUtility.getType(BindingUtility.java:162)
[Mon Oct 31 20:51:19 EDT 2011] [message] at org.eclipse.php.internal.core.typeinference.BindingUtility.getType(BindingUtility.java:188)
[Mon Oct 31 20:51:19 EDT 2011] [message] at org.eclipse.php.internal.core.typeinference.BindingUtility.getType(BindingUtility.java:156)
[Mon Oct 31 20:51:19 EDT 2011] [message] at org.eclipse.php.internal.core.ast.nodes.DefaultBindingResolver.getEvaluatedType(DefaultBindingResolver.java:243)
[Mon Oct 31 20:51:19 EDT 2011] [message] at org.eclipse.php.internal.core.ast.nodes.DefaultBindingResolver.resolveExpressionType(DefaultBindingResolver.java:375)
[Mon Oct 31 20:51:19 EDT 2011] [message] at org.eclipse.php.internal.core.ast.nodes.Expression.resolveTypeBinding(Expression.java:107)
[Mon Oct 31 20:51:19 EDT 2011] [message] at org.eclipse.php.internal.ui.editor.highlighter.ModelUtils.getMethod(ModelUtils.java:43)
[Mon Oct 31 20:51:19 EDT 2011] [message] at org.eclipse.php.internal.ui.editor.highlighters.StaticMethodHighlighting$StaticMethodApply.visit(StaticMethodHighlighting.java:59)
[Mon Oct 31 20:51:19 EDT 2011] [message] at org.eclipse.php.internal.core.ast.nodes.MethodInvocation.accept0(MethodInvocation.java:73)
[Mon Oct 31 20:51:19 EDT 2011] [message] at org.eclipse.php.internal.core.ast.nodes.ASTNode.accept(ASTNode.java:275)
[Mon Oct 31 20:51:19 EDT 2011] [message] at org.eclipse.php.internal.core.ast.nodes.Assignment.childrenAccept(Assignment.java:130)
[Mon Oct 31 20:51:19 EDT 2011] [message] at org.eclipse.php.internal.core.ast.nodes.Assignment.accept0(Assignment.java:159)
[Mon Oct 31 20:51:19 EDT 2011] [message] at org.eclipse.php.internal.core.ast.nodes.ASTNode.accept(ASTNode.java:275)
[Mon Oct 31 20:51:19 EDT 2011] [message] at org.eclipse.php.internal.core.ast.nodes.ExpressionStatement.childrenAccept(ExpressionStatement.java:73)
[Mon Oct 31 20:51:19 EDT 2011] [message] at org.eclipse.php.internal.core.ast.nodes.ExpressionStatement.accept0(ExpressionStatement.java:67)
[Mon Oct 31 20:51:19 EDT 2011] [message] at org.eclipse.php.internal.core.ast.nodes.ASTNode.accept(ASTNode.java:275)
[Mon Oct 31 20:51:19 EDT 2011] [message] at org.eclipse.php.internal.core.ast.nodes.Block.childrenAccept(Block.java:97)
[Mon Oct 31 20:51:19 EDT 2011] [message] at org.eclipse.php.internal.core.ast.nodes.Block.accept0(Block.java:90)
[Mon Oct 31 20:51:19 EDT 2011] [message] at org.eclipse.php.internal.core.ast.nodes.ASTNode.accept(ASTNode.java:275)
